Using pre-set license
Built from '2020.3/staging' branch; Version is '2020.3.22f1 (e1a7f79fd887) revision 14788599'; Using compiler version '192528614'; Build Type 'Release'
OS: 'Windows 10 Home; OS build 19042.1348; Version 2009; 64bit' Language: 'en' Physical Memory: 49107 MB
BatchMode: 1, IsHumanControllingUs: 0, StartBugReporterOnCrash: 0, Is64bit: 1, IsPro: 0

COMMAND LINE ARGUMENTS:
C:\Program Files\Unity\Hub\Editor\2020.3.22f1\Editor\Unity.exe
-adb2
-batchMode
-noUpm
-name
AssetImportWorker0
-projectPath
E:/VR Vaccine Confidence
-logFile
Logs/AssetImportWorker0.log
-srvPort
51219
Successfully changed project path to: E:/VR Vaccine Confidence
E:/VR Vaccine Confidence
Using Asset Import Pipeline V2.
Refreshing native plugins compatible for Editor in 31.11 ms, found 2 plugins.
Preloading 0 native plugins for Editor in 0.00 ms.
Initialize engine version: 2020.3.22f1 (e1a7f79fd887)
[Subsystems] Discovering subsystems at path C:/Program Files/Unity/Hub/Editor/2020.3.22f1/Editor/Data/Resources/UnitySubsystems
[Subsystems] Discovering subsystems at path E:/VR Vaccine Confidence/Assets
GfxDevice: creating device client; threaded=0
Direct3D:
    Version:  Direct3D 11.0 [level 11.1]
    Renderer: NVIDIA GeForce GTX 1080 (ID=0x1b80)
    Vendor:   
    VRAM:     8079 MB
    Driver:   30.0.14.9709
Initialize mono
Mono path[0] = 'C:/Program Files/Unity/Hub/Editor/2020.3.22f1/Editor/Data/Managed'
Mono path[1] = 'C:/Program Files/Unity/Hub/Editor/2020.3.22f1/Editor/Data/MonoBleedingEdge/lib/mono/unityjit'
Mono config path = 'C:/Program Files/Unity/Hub/Editor/2020.3.22f1/Editor/Data/MonoBleedingEdge/etc'
Using monoOptions --debugger-agent=transport=dt_socket,embedding=1,server=y,suspend=n,address=127.0.0.1:56772
Begin MonoManager ReloadAssembly
Registering precompiled unity dll's ...
Register platform support module: C:/Program Files/Unity/Hub/Editor/2020.3.22f1/Editor/Data/PlaybackEngines/WindowsStandaloneSupport/UnityEditor.WindowsStandalone.Extensions.dll
Registered in 0.001646 seconds.
Native extension for WindowsStandalone target not found
Refreshing native plugins compatible for Editor in 28.50 ms, found 2 plugins.
Preloading 0 native plugins for Editor in 0.00 ms.
Mono: successfully reloaded assembly
- Completed reload, in  1.715 seconds
Domain Reload Profiling:
	ReloadAssembly (1715ms)
		BeginReloadAssembly (49ms)
			ExecutionOrderSort (0ms)
			DisableScriptedObjects (0ms)
			BackupInstance (0ms)
			ReleaseScriptingObjects (0ms)
			CreateAndSetChildDomain (1ms)
		EndReloadAssembly (382ms)
			LoadAssemblies (47ms)
			RebuildTransferFunctionScriptingTraits (0ms)
			SetupTypeCache (134ms)
			ReleaseScriptCaches (0ms)
			RebuildScriptCaches (23ms)
			SetupLoadedEditorAssemblies (137ms)
				LogAssemblyErrors (0ms)
				InitializePlatformSupportModulesInManaged (3ms)
				SetLoadedEditorAssemblies (0ms)
				RefreshPlugins (29ms)
				BeforeProcessingInitializeOnLoad (13ms)
				ProcessInitializeOnLoadAttributes (69ms)
				ProcessInitializeOnLoadMethodAttributes (23ms)
				AfterProcessingInitializeOnLoad (0ms)
				EditorAssembliesLoaded (0ms)
			ExecutionOrderSort2 (0ms)
			AwakeInstancesAfterBackupRestoration (0ms)
Platform modules already initialized, skipping
Registering precompiled user dll's ...
Registered in 0.002539 seconds.
Begin MonoManager ReloadAssembly
Native extension for WindowsStandalone target not found
Refreshing native plugins compatible for Editor in 0.32 ms, found 2 plugins.
Preloading 0 native plugins for Editor in 0.00 ms.
Mono: successfully reloaded assembly
- Completed reload, in  0.990 seconds
Domain Reload Profiling:
	ReloadAssembly (990ms)
		BeginReloadAssembly (128ms)
			ExecutionOrderSort (0ms)
			DisableScriptedObjects (5ms)
			BackupInstance (0ms)
			ReleaseScriptingObjects (0ms)
			CreateAndSetChildDomain (15ms)
		EndReloadAssembly (797ms)
			LoadAssemblies (78ms)
			RebuildTransferFunctionScriptingTraits (0ms)
			SetupTypeCache (296ms)
			ReleaseScriptCaches (0ms)
			RebuildScriptCaches (40ms)
			SetupLoadedEditorAssemblies (279ms)
				LogAssemblyErrors (0ms)
				InitializePlatformSupportModulesInManaged (6ms)
				SetLoadedEditorAssemblies (0ms)
				RefreshPlugins (0ms)
				BeforeProcessingInitializeOnLoad (74ms)
				ProcessInitializeOnLoadAttributes (184ms)
				ProcessInitializeOnLoadMethodAttributes (8ms)
				AfterProcessingInitializeOnLoad (6ms)
				EditorAssembliesLoaded (0ms)
			ExecutionOrderSort2 (0ms)
			AwakeInstancesAfterBackupRestoration (5ms)
Platform modules already initialized, skipping
========================================================================
Worker process is ready to serve import requests
Launched and connected shader compiler UnityShaderCompiler.exe after 0.06 seconds
Refreshing native plugins compatible for Editor in 0.29 ms, found 2 plugins.
Preloading 0 native plugins for Editor in 0.00 ms.
Unloading 1584 Unused Serialized files (Serialized files now loaded: 0)
System memory in use before: 72.7 MB.
System memory in use after: 72.8 MB.

Unloading 20 unused Assets to reduce memory usage. Loaded Objects now: 2026.
Total: 2.275700 ms (FindLiveObjects: 0.127100 ms CreateObjectMapping: 0.047600 ms MarkObjects: 2.044800 ms  DeleteObjects: 0.055100 ms)

AssetImportParameters requested are different than current active one (requested -> active):
  custom:framework-win-MediaFoundation: 216162199b28c13a410421893ffa2e32 -> 
  custom:video-decoder-ogg-theora: a1e56fd34408186e4bbccfd4996cb3dc -> 
  custom:container-muxer-webm: aa71ff27fc2769a1b78a27578f13a17b -> 
  custom:container-demuxer-webm: 4f35f7cbe854078d1ac9338744f61a02 -> 
  custom:container-demuxer-ogg: 62fdf1f143b41e24485cea50d1cbac27 -> 
  custom:video-encoder-webm-vp8: eb34c28f22e8b96e1ab97ce403110664 -> 
  custom:video-codec-MediaFoundation-h265: e54d7ab0439102e2317fc1e4b246158d -> 
  custom:video-decoder-webm-vp8: 9c59270c3fd7afecdb556c50c9e8de78 -> 
  custom:audio-decoder-ogg-vorbis: bf7c407c2cedff20999df2af8eb42d56 -> 
  custom:audio-encoder-webm-vorbis: bf7c407c2cedff20999df2af8eb42d56 -> 
========================================================================
Received Import Request.
  path: Assets/Resources/Red Blood Cell Particles.prefab
  artifactKey: Guid(2157c181a4123f24784a804f58866394) Importer(815301076,1909f56bfc062723c751e8b465ee728b)
Start importing Assets/Resources/Red Blood Cell Particles.prefab using Guid(2157c181a4123f24784a804f58866394) Importer(815301076,1909f56bfc062723c751e8b465ee728b)  -> (artifact id: '96eb6336cdb3ca0cc5fd594641f15110') in 0.098497 seconds 
  Import took 0.100792 seconds .

========================================================================
Received Import Request.
  Time since last request: 8.281874 seconds.
  path: Assets/Resources/Prefabs/Red Blood Cell.prefab
  artifactKey: Guid(6052050c875e761499f4c8b432ae568d) Importer(815301076,1909f56bfc062723c751e8b465ee728b)
Start importing Assets/Resources/Prefabs/Red Blood Cell.prefab using Guid(6052050c875e761499f4c8b432ae568d) Importer(815301076,1909f56bfc062723c751e8b465ee728b)  -> (artifact id: '7744604de463a3f5003f8ae80a4bac2a') in 0.011069 seconds 
  Import took 0.015108 seconds .

========================================================================
Received Import Request.
  Time since last request: 36.467250 seconds.
  path: Assets/Samples
  artifactKey: Guid(c245cedfa6a35fd4f825c24e74c8c7db) Importer(815301076,1909f56bfc062723c751e8b465ee728b)
Start importing Assets/Samples using Guid(c245cedfa6a35fd4f825c24e74c8c7db) Importer(815301076,1909f56bfc062723c751e8b465ee728b)  -> (artifact id: '348fd372c434b82cada9ab3353c52acd') in 0.005205 seconds 
  Import took 0.007179 seconds .

========================================================================
Received Import Request.
  Time since last request: 10.439094 seconds.
  path: Assets/Samples/Animations
  artifactKey: Guid(f09c9e6d1568f6b4a954bcad2134ced1) Importer(815301076,1909f56bfc062723c751e8b465ee728b)
Start importing Assets/Samples/Animations using Guid(f09c9e6d1568f6b4a954bcad2134ced1) Importer(815301076,1909f56bfc062723c751e8b465ee728b)  -> (artifact id: '5488b02579ee58b2f4b7f497612acad0') in 0.010989 seconds 
  Import took 0.015957 seconds .

========================================================================
Received Import Request.
  Time since last request: 10.605553 seconds.
  path: Assets/Resources/Prefabs/Icosahedron.prefab
  artifactKey: Guid(a2aba343e20a8224fb1409c29ffac141) Importer(815301076,1909f56bfc062723c751e8b465ee728b)
Start importing Assets/Resources/Prefabs/Icosahedron.prefab using Guid(a2aba343e20a8224fb1409c29ffac141) Importer(815301076,1909f56bfc062723c751e8b465ee728b)  -> (artifact id: '1c0d9a3b2a33fec6efea1959a7b5f324') in 0.022412 seconds 
  Import took 0.026360 seconds .

========================================================================
Received Import Request.
  Time since last request: 7.036537 seconds.
  path: Assets/Resources/Prefabs/New Prefab.prefab
  artifactKey: Guid(176cb19eb03cfaa4b83113eea794d32e) Importer(815301076,1909f56bfc062723c751e8b465ee728b)
Start importing Assets/Resources/Prefabs/New Prefab.prefab using Guid(176cb19eb03cfaa4b83113eea794d32e) Importer(815301076,1909f56bfc062723c751e8b465ee728b)  -> (artifact id: '937b39953c245301827171c13262e948') in 0.009402 seconds 
  Import took 0.011525 seconds .

========================================================================
Received Import Request.
  Time since last request: 26.504068 seconds.
  path: Assets/Resources/Prefabs/White Blood Cell.prefab
  artifactKey: Guid(9ba4137bd217cb14e88752b551bc4888) Importer(815301076,1909f56bfc062723c751e8b465ee728b)
Start importing Assets/Resources/Prefabs/White Blood Cell.prefab using Guid(9ba4137bd217cb14e88752b551bc4888) Importer(815301076,1909f56bfc062723c751e8b465ee728b)  -> (artifact id: 'ee20d2086e233e7560df7f2a07152937') in 0.013234 seconds 
  Import took 0.015602 seconds .

========================================================================
Received Import Request.
  Time since last request: 21.084132 seconds.
  path: Assets/Dev Scenes/Main Scene - Eric.unity
  artifactKey: Guid(2b67295886a2a854098073c01574751d) Importer(815301076,1909f56bfc062723c751e8b465ee728b)
Start importing Assets/Dev Scenes/Main Scene - Eric.unity using Guid(2b67295886a2a854098073c01574751d) Importer(815301076,1909f56bfc062723c751e8b465ee728b)  -> (artifact id: '00757ddaafa341252d4f717f56926a73') in 0.005859 seconds 
  Import took 0.009460 seconds .

========================================================================
Received Import Request.
  Time since last request: 0.931521 seconds.
  path: Assets/Dev Scenes/SampleScene.unity
  artifactKey: Guid(9fc0d4010bbf28b4594072e72b8655ab) Importer(815301076,1909f56bfc062723c751e8b465ee728b)
Start importing Assets/Dev Scenes/SampleScene.unity using Guid(9fc0d4010bbf28b4594072e72b8655ab) Importer(815301076,1909f56bfc062723c751e8b465ee728b)  -> (artifact id: '0600ca859120d64c28b7f41768fbc095') in 0.005550 seconds 
  Import took 0.008133 seconds .

========================================================================
Received Import Request.
  Time since last request: 32.679786 seconds.
  path: Assets/Models/New Folder
  artifactKey: Guid(89bde2029bdcc6046bcf50141ac39102) Importer(815301076,1909f56bfc062723c751e8b465ee728b)
Start importing Assets/Models/New Folder using Guid(89bde2029bdcc6046bcf50141ac39102) Importer(815301076,1909f56bfc062723c751e8b465ee728b)  -> (artifact id: '9c71dc1cffd3820f135639d60be15886') in 0.006204 seconds 
  Import took 0.010287 seconds .

========================================================================
Received Import Request.
  Time since last request: 7.584441 seconds.
  path: Assets/Scenes
  artifactKey: Guid(89bde2029bdcc6046bcf50141ac39102) Importer(815301076,1909f56bfc062723c751e8b465ee728b)
Start importing Assets/Scenes using Guid(89bde2029bdcc6046bcf50141ac39102) Importer(815301076,1909f56bfc062723c751e8b465ee728b)  -> (artifact id: 'f4912f977e8c7af4d3aa1273d3f2c51f') in 0.006434 seconds 
  Import took 0.009013 seconds .

========================================================================
Received Import Request.
  Time since last request: 90.929492 seconds.
  path: Assets/_Scripts/script_controller.cs
  artifactKey: Guid(42384a75f89d8ec4098c6a6ac00d2824) Importer(815301076,1909f56bfc062723c751e8b465ee728b)
Start importing Assets/_Scripts/script_controller.cs using Guid(42384a75f89d8ec4098c6a6ac00d2824) Importer(815301076,1909f56bfc062723c751e8b465ee728b)  -> (artifact id: '9de6f8ab0c6ec5d152bfe97adff5b988') in 0.008923 seconds 
  Import took 0.013190 seconds .

========================================================================
Received Prepare
Registering precompiled user dll's ...
Registered in 0.002492 seconds.
Begin MonoManager ReloadAssembly
Native extension for WindowsStandalone target not found
Refreshing native plugins compatible for Editor in 0.31 ms, found 2 plugins.
Preloading 0 native plugins for Editor in 0.00 ms.
Mono: successfully reloaded assembly
- Completed reload, in  0.842 seconds
Domain Reload Profiling:
	ReloadAssembly (843ms)
		BeginReloadAssembly (92ms)
			ExecutionOrderSort (0ms)
			DisableScriptedObjects (4ms)
			BackupInstance (0ms)
			ReleaseScriptingObjects (0ms)
			CreateAndSetChildDomain (27ms)
		EndReloadAssembly (698ms)
			LoadAssemblies (69ms)
			RebuildTransferFunctionScriptingTraits (0ms)
			SetupTypeCache (246ms)
			ReleaseScriptCaches (1ms)
			RebuildScriptCaches (39ms)
			SetupLoadedEditorAssemblies (241ms)
				LogAssemblyErrors (0ms)
				InitializePlatformSupportModulesInManaged (4ms)
				SetLoadedEditorAssemblies (0ms)
				RefreshPlugins (0ms)
				BeforeProcessingInitializeOnLoad (63ms)
				ProcessInitializeOnLoadAttributes (160ms)
				ProcessInitializeOnLoadMethodAttributes (7ms)
				AfterProcessingInitializeOnLoad (5ms)
				EditorAssembliesLoaded (0ms)
			ExecutionOrderSort2 (0ms)
			AwakeInstancesAfterBackupRestoration (6ms)
Platform modules already initialized, skipping
Switching build target platform(19) subTarget(0) extendedPlatform(0) -> platform(13) subTarget(524288) extendedPlatform(0)
Refreshing native plugins compatible for Editor in 0.29 ms, found 2 plugins.
Preloading 0 native plugins for Editor in 0.00 ms.
Unloading 1580 Unused Serialized files (Serialized files now loaded: 0)
System memory in use before: 75.5 MB.
System memory in use after: 75.6 MB.

Unloading 16 unused Assets to reduce memory usage. Loaded Objects now: 2039.
Total: 2.542100 ms (FindLiveObjects: 0.121800 ms CreateObjectMapping: 0.041700 ms MarkObjects: 2.358500 ms  DeleteObjects: 0.019000 ms)

AssetImportParameters requested are different than current active one (requested -> active):
  custom:framework-win-MediaFoundation: 216162199b28c13a410421893ffa2e32 -> 
  custom:video-decoder-ogg-theora: a1e56fd34408186e4bbccfd4996cb3dc -> 
  custom:container-muxer-webm: aa71ff27fc2769a1b78a27578f13a17b -> 
  custom:container-demuxer-webm: 4f35f7cbe854078d1ac9338744f61a02 -> 
  custom:container-demuxer-ogg: 62fdf1f143b41e24485cea50d1cbac27 -> 
  custom:video-encoder-webm-vp8: eb34c28f22e8b96e1ab97ce403110664 -> 
  custom:video-codec-MediaFoundation-h265: e54d7ab0439102e2317fc1e4b246158d -> 
  custom:video-decoder-webm-vp8: 9c59270c3fd7afecdb556c50c9e8de78 -> 
  custom:graphics/normal-map-encoding: 01000000000000000000000000000000 -> 02000000000000000000000000000000
  custom:audio-decoder-ogg-vorbis: bf7c407c2cedff20999df2af8eb42d56 -> 
  custom:audio-encoder-webm-vorbis: bf7c407c2cedff20999df2af8eb42d56 -> 
========================================================================
Received Import Request.
  Time since last request: 655.165243 seconds.
  path: Assets/_Scripts/script_controller.cs
  artifactKey: Guid(42384a75f89d8ec4098c6a6ac00d2824) Importer(815301076,1909f56bfc062723c751e8b465ee728b)
Start importing Assets/_Scripts/script_controller.cs using Guid(42384a75f89d8ec4098c6a6ac00d2824) Importer(815301076,1909f56bfc062723c751e8b465ee728b)  -> (artifact id: 'a9672894064174bbfc5d8774630fc896') in 0.003071 seconds 
  Import took 0.006731 seconds .

========================================================================
Received Import Request.
  Time since last request: 0.624279 seconds.
  path: Assets/_Scripts/scene_manager.cs
  artifactKey: Guid(380a96c9534ea9c4dbb81f8f07177218) Importer(815301076,1909f56bfc062723c751e8b465ee728b)
Start importing Assets/_Scripts/scene_manager.cs using Guid(380a96c9534ea9c4dbb81f8f07177218) Importer(815301076,1909f56bfc062723c751e8b465ee728b)  -> (artifact id: 'f88f85526a799de83f3b732ae16ac253') in 0.007990 seconds 
  Import took 0.010260 seconds .

========================================================================
Received Import Request.
  Time since last request: 0.592709 seconds.
  path: Assets/_Scripts/movement_controller.cs
  artifactKey: Guid(190273610072cfd43948c5c8f538b4a8) Importer(815301076,1909f56bfc062723c751e8b465ee728b)
Start importing Assets/_Scripts/movement_controller.cs using Guid(190273610072cfd43948c5c8f538b4a8) Importer(815301076,1909f56bfc062723c751e8b465ee728b)  -> (artifact id: 'd85fb78ceaaf5ef107e7c9f0b0a1e40a') in 0.005557 seconds 
  Import took 0.007845 seconds .

========================================================================
Received Import Request.
  Time since last request: 15.423972 seconds.
  path: Assets/_Scripts/start_button_controller.cs
  artifactKey: Guid(f762e2c61e6a3a34abdfff20c2d036db) Importer(815301076,1909f56bfc062723c751e8b465ee728b)
Start importing Assets/_Scripts/start_button_controller.cs using Guid(f762e2c61e6a3a34abdfff20c2d036db) Importer(815301076,1909f56bfc062723c751e8b465ee728b)  -> (artifact id: '3bce240b1a0baa17e3156b9bbbb13ddf') in 0.004966 seconds 
  Import took 0.010381 seconds .

========================================================================
Received Prepare
Registering precompiled user dll's ...
Registered in 0.003864 seconds.
Begin MonoManager ReloadAssembly
Native extension for WindowsStandalone target not found
Refreshing native plugins compatible for Editor in 0.30 ms, found 2 plugins.
Preloading 0 native plugins for Editor in 0.00 ms.
Mono: successfully reloaded assembly
- Completed reload, in  1.148 seconds
Domain Reload Profiling:
	ReloadAssembly (1148ms)
		BeginReloadAssembly (120ms)
			ExecutionOrderSort (0ms)
			DisableScriptedObjects (5ms)
			BackupInstance (0ms)
			ReleaseScriptingObjects (0ms)
			CreateAndSetChildDomain (33ms)
		EndReloadAssembly (972ms)
			LoadAssemblies (88ms)
			RebuildTransferFunctionScriptingTraits (0ms)
			SetupTypeCache (397ms)
			ReleaseScriptCaches (1ms)
			RebuildScriptCaches (86ms)
			SetupLoadedEditorAssemblies (285ms)
				LogAssemblyErrors (0ms)
				InitializePlatformSupportModulesInManaged (5ms)
				SetLoadedEditorAssemblies (0ms)
				RefreshPlugins (0ms)
				BeforeProcessingInitializeOnLoad (75ms)
				ProcessInitializeOnLoadAttributes (189ms)
				ProcessInitializeOnLoadMethodAttributes (8ms)
				AfterProcessingInitializeOnLoad (7ms)
				EditorAssembliesLoaded (0ms)
			ExecutionOrderSort2 (0ms)
			AwakeInstancesAfterBackupRestoration (5ms)
Platform modules already initialized, skipping
Switching build target platform(19) subTarget(0) extendedPlatform(0) -> platform(13) subTarget(524288) extendedPlatform(0)
Refreshing native plugins compatible for Editor in 0.33 ms, found 2 plugins.
Preloading 0 native plugins for Editor in 0.00 ms.
Unloading 1580 Unused Serialized files (Serialized files now loaded: 0)
System memory in use before: 75.5 MB.
System memory in use after: 75.6 MB.

Unloading 15 unused Assets to reduce memory usage. Loaded Objects now: 2042.
Total: 2.540600 ms (FindLiveObjects: 0.138800 ms CreateObjectMapping: 0.046700 ms MarkObjects: 2.337000 ms  DeleteObjects: 0.017200 ms)

AssetImportParameters requested are different than current active one (requested -> active):
  custom:framework-win-MediaFoundation: 216162199b28c13a410421893ffa2e32 -> 
  custom:video-decoder-ogg-theora: a1e56fd34408186e4bbccfd4996cb3dc -> 
  custom:container-muxer-webm: aa71ff27fc2769a1b78a27578f13a17b -> 
  custom:container-demuxer-webm: 4f35f7cbe854078d1ac9338744f61a02 -> 
  custom:container-demuxer-ogg: 62fdf1f143b41e24485cea50d1cbac27 -> 
  custom:video-encoder-webm-vp8: eb34c28f22e8b96e1ab97ce403110664 -> 
  custom:video-codec-MediaFoundation-h265: e54d7ab0439102e2317fc1e4b246158d -> 
  custom:video-decoder-webm-vp8: 9c59270c3fd7afecdb556c50c9e8de78 -> 
  custom:graphics/normal-map-encoding: 01000000000000000000000000000000 -> 02000000000000000000000000000000
  custom:audio-decoder-ogg-vorbis: bf7c407c2cedff20999df2af8eb42d56 -> 
  custom:audio-encoder-webm-vorbis: bf7c407c2cedff20999df2af8eb42d56 -> 
========================================================================
Received Prepare
Registering precompiled user dll's ...
Registered in 0.002457 seconds.
Begin MonoManager ReloadAssembly
Native extension for WindowsStandalone target not found
Refreshing native plugins compatible for Editor in 0.31 ms, found 2 plugins.
Preloading 0 native plugins for Editor in 0.00 ms.
Mono: successfully reloaded assembly
- Completed reload, in  0.987 seconds
Domain Reload Profiling:
	ReloadAssembly (988ms)
		BeginReloadAssembly (105ms)
			ExecutionOrderSort (0ms)
			DisableScriptedObjects (6ms)
			BackupInstance (0ms)
			ReleaseScriptingObjects (0ms)
			CreateAndSetChildDomain (32ms)
		EndReloadAssembly (816ms)
			LoadAssemblies (77ms)
			RebuildTransferFunctionScriptingTraits (0ms)
			SetupTypeCache (262ms)
			ReleaseScriptCaches (1ms)
			RebuildScriptCaches (48ms)
			SetupLoadedEditorAssemblies (271ms)
				LogAssemblyErrors (0ms)
				InitializePlatformSupportModulesInManaged (5ms)
				SetLoadedEditorAssemblies (0ms)
				RefreshPlugins (0ms)
				BeforeProcessingInitializeOnLoad (75ms)
				ProcessInitializeOnLoadAttributes (177ms)
				ProcessInitializeOnLoadMethodAttributes (7ms)
				AfterProcessingInitializeOnLoad (6ms)
				EditorAssembliesLoaded (0ms)
			ExecutionOrderSort2 (0ms)
			AwakeInstancesAfterBackupRestoration (5ms)
Platform modules already initialized, skipping
Switching build target platform(19) subTarget(0) extendedPlatform(0) -> platform(13) subTarget(524288) extendedPlatform(0)
Refreshing native plugins compatible for Editor in 0.39 ms, found 2 plugins.
Preloading 0 native plugins for Editor in 0.00 ms.
Unloading 1580 Unused Serialized files (Serialized files now loaded: 0)
System memory in use before: 75.6 MB.
System memory in use after: 75.7 MB.

Unloading 15 unused Assets to reduce memory usage. Loaded Objects now: 2045.
Total: 2.840600 ms (FindLiveObjects: 0.141100 ms CreateObjectMapping: 0.047600 ms MarkObjects: 2.632400 ms  DeleteObjects: 0.018200 ms)

AssetImportParameters requested are different than current active one (requested -> active):
  custom:framework-win-MediaFoundation: 216162199b28c13a410421893ffa2e32 -> 
  custom:video-decoder-ogg-theora: a1e56fd34408186e4bbccfd4996cb3dc -> 
  custom:container-muxer-webm: aa71ff27fc2769a1b78a27578f13a17b -> 
  custom:container-demuxer-webm: 4f35f7cbe854078d1ac9338744f61a02 -> 
  custom:container-demuxer-ogg: 62fdf1f143b41e24485cea50d1cbac27 -> 
  custom:video-encoder-webm-vp8: eb34c28f22e8b96e1ab97ce403110664 -> 
  custom:video-codec-MediaFoundation-h265: e54d7ab0439102e2317fc1e4b246158d -> 
  custom:video-decoder-webm-vp8: 9c59270c3fd7afecdb556c50c9e8de78 -> 
  custom:graphics/normal-map-encoding: 01000000000000000000000000000000 -> 02000000000000000000000000000000
  custom:audio-decoder-ogg-vorbis: bf7c407c2cedff20999df2af8eb42d56 -> 
  custom:audio-encoder-webm-vorbis: bf7c407c2cedff20999df2af8eb42d56 -> 
========================================================================
Received Prepare
Registering precompiled user dll's ...
Registered in 0.002574 seconds.
Begin MonoManager ReloadAssembly
Native extension for WindowsStandalone target not found
Refreshing native plugins compatible for Editor in 0.31 ms, found 2 plugins.
Preloading 0 native plugins for Editor in 0.00 ms.
Mono: successfully reloaded assembly
- Completed reload, in  0.910 seconds
Domain Reload Profiling:
	ReloadAssembly (911ms)
		BeginReloadAssembly (112ms)
			ExecutionOrderSort (0ms)
			DisableScriptedObjects (4ms)
			BackupInstance (0ms)
			ReleaseScriptingObjects (0ms)
			CreateAndSetChildDomain (30ms)
		EndReloadAssembly (739ms)
			LoadAssemblies (79ms)
			RebuildTransferFunctionScriptingTraits (0ms)
			SetupTypeCache (257ms)
			ReleaseScriptCaches (1ms)
			RebuildScriptCaches (45ms)
			SetupLoadedEditorAssemblies (253ms)
				LogAssemblyErrors (0ms)
				InitializePlatformSupportModulesInManaged (4ms)
				SetLoadedEditorAssemblies (0ms)
				RefreshPlugins (0ms)
				BeforeProcessingInitializeOnLoad (67ms)
				ProcessInitializeOnLoadAttributes (169ms)
				ProcessInitializeOnLoadMethodAttributes (8ms)
				AfterProcessingInitializeOnLoad (5ms)
				EditorAssembliesLoaded (0ms)
			ExecutionOrderSort2 (0ms)
			AwakeInstancesAfterBackupRestoration (6ms)
Platform modules already initialized, skipping
Switching build target platform(19) subTarget(0) extendedPlatform(0) -> platform(13) subTarget(524288) extendedPlatform(0)
Refreshing native plugins compatible for Editor in 0.30 ms, found 2 plugins.
Preloading 0 native plugins for Editor in 0.00 ms.
Unloading 1580 Unused Serialized files (Serialized files now loaded: 0)
System memory in use before: 75.6 MB.
System memory in use after: 75.7 MB.

Unloading 15 unused Assets to reduce memory usage. Loaded Objects now: 2048.
Total: 2.318000 ms (FindLiveObjects: 0.129100 ms CreateObjectMapping: 0.045400 ms MarkObjects: 2.128800 ms  DeleteObjects: 0.013700 ms)

AssetImportParameters requested are different than current active one (requested -> active):
  custom:framework-win-MediaFoundation: 216162199b28c13a410421893ffa2e32 -> 
  custom:video-decoder-ogg-theora: a1e56fd34408186e4bbccfd4996cb3dc -> 
  custom:container-muxer-webm: aa71ff27fc2769a1b78a27578f13a17b -> 
  custom:container-demuxer-webm: 4f35f7cbe854078d1ac9338744f61a02 -> 
  custom:container-demuxer-ogg: 62fdf1f143b41e24485cea50d1cbac27 -> 
  custom:video-encoder-webm-vp8: eb34c28f22e8b96e1ab97ce403110664 -> 
  custom:video-codec-MediaFoundation-h265: e54d7ab0439102e2317fc1e4b246158d -> 
  custom:video-decoder-webm-vp8: 9c59270c3fd7afecdb556c50c9e8de78 -> 
  custom:graphics/normal-map-encoding: 01000000000000000000000000000000 -> 02000000000000000000000000000000
  custom:audio-decoder-ogg-vorbis: bf7c407c2cedff20999df2af8eb42d56 -> 
  custom:audio-encoder-webm-vorbis: bf7c407c2cedff20999df2af8eb42d56 -> 
========================================================================
Received Prepare
Registering precompiled user dll's ...
Registered in 0.002704 seconds.
Begin MonoManager ReloadAssembly
Native extension for WindowsStandalone target not found
Refreshing native plugins compatible for Editor in 0.31 ms, found 2 plugins.
Preloading 0 native plugins for Editor in 0.00 ms.
Mono: successfully reloaded assembly
- Completed reload, in  1.104 seconds
Domain Reload Profiling:
	ReloadAssembly (1105ms)
		BeginReloadAssembly (103ms)
			ExecutionOrderSort (0ms)
			DisableScriptedObjects (4ms)
			BackupInstance (0ms)
			ReleaseScriptingObjects (0ms)
			CreateAndSetChildDomain (36ms)
		EndReloadAssembly (945ms)
			LoadAssemblies (73ms)
			RebuildTransferFunctionScriptingTraits (0ms)
			SetupTypeCache (382ms)
			ReleaseScriptCaches (1ms)
			RebuildScriptCaches (56ms)
			SetupLoadedEditorAssemblies (271ms)
				LogAssemblyErrors (0ms)
				InitializePlatformSupportModulesInManaged (6ms)
				SetLoadedEditorAssemblies (0ms)
				RefreshPlugins (0ms)
				BeforeProcessingInitializeOnLoad (82ms)
				ProcessInitializeOnLoadAttributes (170ms)
				ProcessInitializeOnLoadMethodAttributes (7ms)
				AfterProcessingInitializeOnLoad (5ms)
				EditorAssembliesLoaded (0ms)
			ExecutionOrderSort2 (0ms)
			AwakeInstancesAfterBackupRestoration (5ms)
Platform modules already initialized, skipping
Switching build target platform(19) subTarget(0) extendedPlatform(0) -> platform(13) subTarget(524288) extendedPlatform(0)
Refreshing native plugins compatible for Editor in 0.32 ms, found 2 plugins.
Preloading 0 native plugins for Editor in 0.00 ms.
Unloading 1580 Unused Serialized files (Serialized files now loaded: 0)
System memory in use before: 75.6 MB.
System memory in use after: 75.7 MB.

Unloading 15 unused Assets to reduce memory usage. Loaded Objects now: 2051.
Total: 2.958600 ms (FindLiveObjects: 0.123200 ms CreateObjectMapping: 0.044700 ms MarkObjects: 2.773500 ms  DeleteObjects: 0.016300 ms)

AssetImportParameters requested are different than current active one (requested -> active):
  custom:framework-win-MediaFoundation: 216162199b28c13a410421893ffa2e32 -> 
  custom:video-decoder-ogg-theora: a1e56fd34408186e4bbccfd4996cb3dc -> 
  custom:container-muxer-webm: aa71ff27fc2769a1b78a27578f13a17b -> 
  custom:container-demuxer-webm: 4f35f7cbe854078d1ac9338744f61a02 -> 
  custom:container-demuxer-ogg: 62fdf1f143b41e24485cea50d1cbac27 -> 
  custom:video-encoder-webm-vp8: eb34c28f22e8b96e1ab97ce403110664 -> 
  custom:video-codec-MediaFoundation-h265: e54d7ab0439102e2317fc1e4b246158d -> 
  custom:video-decoder-webm-vp8: 9c59270c3fd7afecdb556c50c9e8de78 -> 
  custom:graphics/normal-map-encoding: 01000000000000000000000000000000 -> 02000000000000000000000000000000
  custom:audio-decoder-ogg-vorbis: bf7c407c2cedff20999df2af8eb42d56 -> 
  custom:audio-encoder-webm-vorbis: bf7c407c2cedff20999df2af8eb42d56 -> 
========================================================================
Received Prepare
Registering precompiled user dll's ...
Registered in 0.002507 seconds.
Begin MonoManager ReloadAssembly
Native extension for WindowsStandalone target not found
Refreshing native plugins compatible for Editor in 0.47 ms, found 2 plugins.
Preloading 0 native plugins for Editor in 0.00 ms.
Mono: successfully reloaded assembly
- Completed reload, in  0.892 seconds
Domain Reload Profiling:
	ReloadAssembly (892ms)
		BeginReloadAssembly (96ms)
			ExecutionOrderSort (0ms)
			DisableScriptedObjects (6ms)
			BackupInstance (0ms)
			ReleaseScriptingObjects (0ms)
			CreateAndSetChildDomain (29ms)
		EndReloadAssembly (739ms)
			LoadAssemblies (71ms)
			RebuildTransferFunctionScriptingTraits (0ms)
			SetupTypeCache (238ms)
			ReleaseScriptCaches (1ms)
			RebuildScriptCaches (36ms)
			SetupLoadedEditorAssemblies (264ms)
				LogAssemblyErrors (0ms)
				InitializePlatformSupportModulesInManaged (6ms)
				SetLoadedEditorAssemblies (0ms)
				RefreshPlugins (1ms)
				BeforeProcessingInitializeOnLoad (70ms)
				ProcessInitializeOnLoadAttributes (164ms)
				ProcessInitializeOnLoadMethodAttributes (12ms)
				AfterProcessingInitializeOnLoad (10ms)
				EditorAssembliesLoaded (0ms)
			ExecutionOrderSort2 (0ms)
			AwakeInstancesAfterBackupRestoration (6ms)
Platform modules already initialized, skipping
Switching build target platform(19) subTarget(0) extendedPlatform(0) -> platform(13) subTarget(524288) extendedPlatform(0)
Refreshing native plugins compatible for Editor in 0.32 ms, found 2 plugins.
Preloading 0 native plugins for Editor in 0.00 ms.
Unloading 1580 Unused Serialized files (Serialized files now loaded: 0)
System memory in use before: 75.6 MB.
System memory in use after: 75.7 MB.

Unloading 15 unused Assets to reduce memory usage. Loaded Objects now: 2054.
Total: 2.506400 ms (FindLiveObjects: 0.127400 ms CreateObjectMapping: 0.041600 ms MarkObjects: 2.321500 ms  DeleteObjects: 0.015000 ms)

AssetImportParameters requested are different than current active one (requested -> active):
  custom:framework-win-MediaFoundation: 216162199b28c13a410421893ffa2e32 -> 
  custom:video-decoder-ogg-theora: a1e56fd34408186e4bbccfd4996cb3dc -> 
  custom:container-muxer-webm: aa71ff27fc2769a1b78a27578f13a17b -> 
  custom:container-demuxer-webm: 4f35f7cbe854078d1ac9338744f61a02 -> 
  custom:container-demuxer-ogg: 62fdf1f143b41e24485cea50d1cbac27 -> 
  custom:video-encoder-webm-vp8: eb34c28f22e8b96e1ab97ce403110664 -> 
  custom:video-codec-MediaFoundation-h265: e54d7ab0439102e2317fc1e4b246158d -> 
  custom:video-decoder-webm-vp8: 9c59270c3fd7afecdb556c50c9e8de78 -> 
  custom:graphics/normal-map-encoding: 01000000000000000000000000000000 -> 02000000000000000000000000000000
  custom:audio-decoder-ogg-vorbis: bf7c407c2cedff20999df2af8eb42d56 -> 
  custom:audio-encoder-webm-vorbis: bf7c407c2cedff20999df2af8eb42d56 -> 
========================================================================
Received Prepare
Registering precompiled user dll's ...
Registered in 0.002478 seconds.
Begin MonoManager ReloadAssembly
Native extension for WindowsStandalone target not found
Refreshing native plugins compatible for Editor in 0.35 ms, found 2 plugins.
Preloading 0 native plugins for Editor in 0.00 ms.
Mono: successfully reloaded assembly
- Completed reload, in  0.956 seconds
Domain Reload Profiling:
	ReloadAssembly (956ms)
		BeginReloadAssembly (105ms)
			ExecutionOrderSort (0ms)
			DisableScriptedObjects (4ms)
			BackupInstance (0ms)
			ReleaseScriptingObjects (0ms)
			CreateAndSetChildDomain (27ms)
		EndReloadAssembly (777ms)
			LoadAssemblies (83ms)
			RebuildTransferFunctionScriptingTraits (0ms)
			SetupTypeCache (297ms)
			ReleaseScriptCaches (1ms)
			RebuildScriptCaches (38ms)
			SetupLoadedEditorAssemblies (241ms)
				LogAssemblyErrors (0ms)
				InitializePlatformSupportModulesInManaged (4ms)
				SetLoadedEditorAssemblies (0ms)
				RefreshPlugins (0ms)
				BeforeProcessingInitializeOnLoad (65ms)
				ProcessInitializeOnLoadAttributes (158ms)
				ProcessInitializeOnLoadMethodAttributes (7ms)
				AfterProcessingInitializeOnLoad (6ms)
				EditorAssembliesLoaded (0ms)
			ExecutionOrderSort2 (0ms)
			AwakeInstancesAfterBackupRestoration (5ms)
Platform modules already initialized, skipping
Switching build target platform(19) subTarget(0) extendedPlatform(0) -> platform(13) subTarget(524288) extendedPlatform(0)
Refreshing native plugins compatible for Editor in 0.36 ms, found 2 plugins.
Preloading 0 native plugins for Editor in 0.00 ms.
Unloading 1580 Unused Serialized files (Serialized files now loaded: 0)
System memory in use before: 75.6 MB.
System memory in use after: 75.7 MB.

Unloading 15 unused Assets to reduce memory usage. Loaded Objects now: 2057.
Total: 2.274700 ms (FindLiveObjects: 0.121200 ms CreateObjectMapping: 0.041000 ms MarkObjects: 2.098900 ms  DeleteObjects: 0.012800 ms)

AssetImportParameters requested are different than current active one (requested -> active):
  custom:framework-win-MediaFoundation: 216162199b28c13a410421893ffa2e32 -> 
  custom:video-decoder-ogg-theora: a1e56fd34408186e4bbccfd4996cb3dc -> 
  custom:container-muxer-webm: aa71ff27fc2769a1b78a27578f13a17b -> 
  custom:container-demuxer-webm: 4f35f7cbe854078d1ac9338744f61a02 -> 
  custom:container-demuxer-ogg: 62fdf1f143b41e24485cea50d1cbac27 -> 
  custom:video-encoder-webm-vp8: eb34c28f22e8b96e1ab97ce403110664 -> 
  custom:video-codec-MediaFoundation-h265: e54d7ab0439102e2317fc1e4b246158d -> 
  custom:video-decoder-webm-vp8: 9c59270c3fd7afecdb556c50c9e8de78 -> 
  custom:graphics/normal-map-encoding: 01000000000000000000000000000000 -> 02000000000000000000000000000000
  custom:audio-decoder-ogg-vorbis: bf7c407c2cedff20999df2af8eb42d56 -> 
  custom:audio-encoder-webm-vorbis: bf7c407c2cedff20999df2af8eb42d56 -> 
========================================================================
Received Import Request.
  Time since last request: 6100.628651 seconds.
  path: Assets/Resources/Prefabs/White Blood Cell.prefab
  artifactKey: Guid(9ba4137bd217cb14e88752b551bc4888) Importer(815301076,1909f56bfc062723c751e8b465ee728b)
Start importing Assets/Resources/Prefabs/White Blood Cell.prefab using Guid(9ba4137bd217cb14e88752b551bc4888) Importer(815301076,1909f56bfc062723c751e8b465ee728b)  -> (artifact id: '9f2a1358b16766b280a5b8dd6447990a') in 0.061195 seconds 
  Import took 0.064626 seconds .

========================================================================
Received Import Request.
  Time since last request: 9.946828 seconds.
  path: Assets/Resources/Prefabs/Covid Cell.prefab
  artifactKey: Guid(2027a855cd474124b9c80fba73066e34) Importer(815301076,1909f56bfc062723c751e8b465ee728b)
Start importing Assets/Resources/Prefabs/Covid Cell.prefab using Guid(2027a855cd474124b9c80fba73066e34) Importer(815301076,1909f56bfc062723c751e8b465ee728b)  -> (artifact id: 'd881e9734df05571607029e40288246c') in 0.016025 seconds 
  Import took 0.018117 seconds .

========================================================================
Received Import Request.
  Time since last request: 3.059915 seconds.
  path: Assets/Resources/Prefabs/Covid Cell.prefab
  artifactKey: Guid(2027a855cd474124b9c80fba73066e34) Importer(815301076,1909f56bfc062723c751e8b465ee728b)
Start importing Assets/Resources/Prefabs/Covid Cell.prefab using Guid(2027a855cd474124b9c80fba73066e34) Importer(815301076,1909f56bfc062723c751e8b465ee728b)  -> (artifact id: '0ece0dcba1f3577720167ae76d7d4000') in 0.008592 seconds 
  Import took 0.017009 seconds .

========================================================================
Received Import Request.
  Time since last request: 1.794412 seconds.
  path: Assets/Resources/Prefabs/Covid Cell.prefab
  artifactKey: Guid(2027a855cd474124b9c80fba73066e34) Importer(815301076,1909f56bfc062723c751e8b465ee728b)
Start importing Assets/Resources/Prefabs/Covid Cell.prefab using Guid(2027a855cd474124b9c80fba73066e34) Importer(815301076,1909f56bfc062723c751e8b465ee728b)  -> (artifact id: '17f3e942e322ba59acc2d1815190aea8') in 0.009903 seconds 
  Import took 0.015671 seconds .

========================================================================
Received Import Request.
  Time since last request: 11.200420 seconds.
  path: Assets/Resources/Prefabs/White Blood Cell 1.prefab
  artifactKey: Guid(f778ba2daab6b314c85d2940fb4f08db) Importer(815301076,1909f56bfc062723c751e8b465ee728b)
Start importing Assets/Resources/Prefabs/White Blood Cell 1.prefab using Guid(f778ba2daab6b314c85d2940fb4f08db) Importer(815301076,1909f56bfc062723c751e8b465ee728b)  -> (artifact id: 'fd2fe40f7af4de044f097bd1892a8711') in 0.016328 seconds 
  Import took 0.018615 seconds .

========================================================================
Received Import Request.
  Time since last request: 6.255657 seconds.
  path: Assets/Resources/Prefabs/Cell.prefab
  artifactKey: Guid(f778ba2daab6b314c85d2940fb4f08db) Importer(815301076,1909f56bfc062723c751e8b465ee728b)
Start importing Assets/Resources/Prefabs/Cell.prefab using Guid(f778ba2daab6b314c85d2940fb4f08db) Importer(815301076,1909f56bfc062723c751e8b465ee728b)  -> (artifact id: 'd1303fcd1e9dfd9a2ea2fb407f38acc7') in 0.015908 seconds 
  Import took 0.018517 seconds .

========================================================================
Received Import Request.
  Time since last request: 53.093964 seconds.
  path: Assets/Resources/Prefabs/Cell.prefab
  artifactKey: Guid(f778ba2daab6b314c85d2940fb4f08db) Importer(815301076,1909f56bfc062723c751e8b465ee728b)
Start importing Assets/Resources/Prefabs/Cell.prefab using Guid(f778ba2daab6b314c85d2940fb4f08db) Importer(815301076,1909f56bfc062723c751e8b465ee728b)  -> (artifact id: 'dd8d0b8b8195b7283698e5221c403c5b') in 0.017656 seconds 
  Import took 0.020009 seconds .

========================================================================
Received Import Request.
  Time since last request: 165.062254 seconds.
  path: Assets/Resources/Prefabs/Covid Cell.prefab
  artifactKey: Guid(2027a855cd474124b9c80fba73066e34) Importer(815301076,1909f56bfc062723c751e8b465ee728b)
Start importing Assets/Resources/Prefabs/Covid Cell.prefab using Guid(2027a855cd474124b9c80fba73066e34) Importer(815301076,1909f56bfc062723c751e8b465ee728b)  -> (artifact id: '6076b474feccf622a2392eae50fd7942') in 0.012616 seconds 
  Import took 0.015107 seconds .

========================================================================
Received Import Request.
  Time since last request: 101.857235 seconds.
  path: Assets/Prefabs
  artifactKey: Guid(13c0c721deba5f246bd7d37fa0205e4a) Importer(815301076,1909f56bfc062723c751e8b465ee728b)
Start importing Assets/Prefabs using Guid(13c0c721deba5f246bd7d37fa0205e4a) Importer(815301076,1909f56bfc062723c751e8b465ee728b)  -> (artifact id: '3175dee72286f67f43fc76511377b10d') in 0.005570 seconds 
  Import took 0.013986 seconds .

========================================================================
Received Import Request.
  Time since last request: 3.324222 seconds.
  path: Assets/Prefabs/Scene Manager.prefab
  artifactKey: Guid(0df031434bd6aa7469c1098187ae8cc4) Importer(815301076,1909f56bfc062723c751e8b465ee728b)
Start importing Assets/Prefabs/Scene Manager.prefab using Guid(0df031434bd6aa7469c1098187ae8cc4) Importer(815301076,1909f56bfc062723c751e8b465ee728b)  -> (artifact id: '9af3d85cc2ebe9009e6799158379ce02') in 0.010291 seconds 
  Import took 0.013336 seconds .

========================================================================
Received Import Request.
  Time since last request: 18.482774 seconds.
  path: Assets/Control Prefabs/Start UI.prefab
  artifactKey: Guid(d73d2012fbc4dfb45a6be4bfcaf34aac) Importer(815301076,1909f56bfc062723c751e8b465ee728b)
Start importing Assets/Control Prefabs/Start UI.prefab using Guid(d73d2012fbc4dfb45a6be4bfcaf34aac) Importer(815301076,1909f56bfc062723c751e8b465ee728b)  -> (artifact id: 'a81dee0ad99c925abc746e8b788b6e61') in 0.021540 seconds 
  Import took 0.024121 seconds .

========================================================================
Received Import Request.
  Time since last request: 4.021125 seconds.
  path: Assets/Control Prefabs/Script Manager.prefab
  artifactKey: Guid(87c2a3dca65190f4da2c34c95556bbe9) Importer(815301076,1909f56bfc062723c751e8b465ee728b)
Start importing Assets/Control Prefabs/Script Manager.prefab using Guid(87c2a3dca65190f4da2c34c95556bbe9) Importer(815301076,1909f56bfc062723c751e8b465ee728b)  -> (artifact id: '4439a93a4e4df523f386c251bd038775') in 0.016290 seconds 
  Import took 0.019075 seconds .

========================================================================
Received Import Request.
  Time since last request: 6.279152 seconds.
  path: Assets/Control Prefabs/Player.prefab
  artifactKey: Guid(9db9a060d9d69a6478db117e5cd539bd) Importer(815301076,1909f56bfc062723c751e8b465ee728b)
Start importing Assets/Control Prefabs/Player.prefab using Guid(9db9a060d9d69a6478db117e5cd539bd) Importer(815301076,1909f56bfc062723c751e8b465ee728b)  -> (artifact id: 'f274155922bebf8817b5205cfbbf4438') in 0.009666 seconds 
  Import took 0.012794 seconds .

========================================================================
Received Prepare
Registering precompiled user dll's ...
Registered in 0.002716 seconds.
Begin MonoManager ReloadAssembly
Native extension for WindowsStandalone target not found
Refreshing native plugins compatible for Editor in 0.30 ms, found 2 plugins.
Preloading 0 native plugins for Editor in 0.00 ms.
Mono: successfully reloaded assembly
- Completed reload, in  1.171 seconds
Domain Reload Profiling:
	ReloadAssembly (1172ms)
		BeginReloadAssembly (164ms)
			ExecutionOrderSort (0ms)
			DisableScriptedObjects (4ms)
			BackupInstance (0ms)
			ReleaseScriptingObjects (0ms)
			CreateAndSetChildDomain (68ms)
		EndReloadAssembly (940ms)
			LoadAssemblies (115ms)
			RebuildTransferFunctionScriptingTraits (0ms)
			SetupTypeCache (310ms)
			ReleaseScriptCaches (1ms)
			RebuildScriptCaches (39ms)
			SetupLoadedEditorAssemblies (323ms)
				LogAssemblyErrors (0ms)
				InitializePlatformSupportModulesInManaged (4ms)
				SetLoadedEditorAssemblies (0ms)
				RefreshPlugins (0ms)
				BeforeProcessingInitializeOnLoad (79ms)
				ProcessInitializeOnLoadAttributes (222ms)
				ProcessInitializeOnLoadMethodAttributes (10ms)
				AfterProcessingInitializeOnLoad (6ms)
				EditorAssembliesLoaded (0ms)
			ExecutionOrderSort2 (0ms)
			AwakeInstancesAfterBackupRestoration (7ms)
Platform modules already initialized, skipping
Switching build target platform(19) subTarget(0) extendedPlatform(0) -> platform(13) subTarget(524288) extendedPlatform(0)
Refreshing native plugins compatible for Editor in 0.30 ms, found 2 plugins.
Preloading 0 native plugins for Editor in 0.00 ms.
Unloading 1580 Unused Serialized files (Serialized files now loaded: 0)
System memory in use before: 75.6 MB.
System memory in use after: 75.7 MB.

Unloading 16 unused Assets to reduce memory usage. Loaded Objects now: 2062.
Total: 2.731300 ms (FindLiveObjects: 0.134800 ms CreateObjectMapping: 0.050400 ms MarkObjects: 2.526300 ms  DeleteObjects: 0.018800 ms)

AssetImportParameters requested are different than current active one (requested -> active):
  custom:framework-win-MediaFoundation: 216162199b28c13a410421893ffa2e32 -> 
  custom:video-decoder-ogg-theora: a1e56fd34408186e4bbccfd4996cb3dc -> 
  custom:container-muxer-webm: aa71ff27fc2769a1b78a27578f13a17b -> 
  custom:container-demuxer-webm: 4f35f7cbe854078d1ac9338744f61a02 -> 
  custom:container-demuxer-ogg: 62fdf1f143b41e24485cea50d1cbac27 -> 
  custom:video-encoder-webm-vp8: eb34c28f22e8b96e1ab97ce403110664 -> 
  custom:video-codec-MediaFoundation-h265: e54d7ab0439102e2317fc1e4b246158d -> 
  custom:video-decoder-webm-vp8: 9c59270c3fd7afecdb556c50c9e8de78 -> 
  custom:graphics/normal-map-encoding: 01000000000000000000000000000000 -> 02000000000000000000000000000000
  custom:audio-decoder-ogg-vorbis: bf7c407c2cedff20999df2af8eb42d56 -> 
  custom:audio-encoder-webm-vorbis: bf7c407c2cedff20999df2af8eb42d56 -> 
========================================================================
Received Prepare
Registering precompiled user dll's ...
Registered in 0.003031 seconds.
Begin MonoManager ReloadAssembly
Native extension for WindowsStandalone target not found
Refreshing native plugins compatible for Editor in 0.38 ms, found 2 plugins.
Preloading 0 native plugins for Editor in 0.00 ms.
Mono: successfully reloaded assembly
- Completed reload, in  0.947 seconds
Domain Reload Profiling:
	ReloadAssembly (948ms)
		BeginReloadAssembly (108ms)
			ExecutionOrderSort (0ms)
			DisableScriptedObjects (4ms)
			BackupInstance (0ms)
			ReleaseScriptingObjects (0ms)
			CreateAndSetChildDomain (30ms)
		EndReloadAssembly (780ms)
			LoadAssemblies (90ms)
			RebuildTransferFunctionScriptingTraits (0ms)
			SetupTypeCache (255ms)
			ReleaseScriptCaches (1ms)
			RebuildScriptCaches (37ms)
			SetupLoadedEditorAssemblies (259ms)
				LogAssemblyErrors (0ms)
				InitializePlatformSupportModulesInManaged (4ms)
				SetLoadedEditorAssemblies (1ms)
				RefreshPlugins (0ms)
				BeforeProcessingInitializeOnLoad (73ms)
				ProcessInitializeOnLoadAttributes (168ms)
				ProcessInitializeOnLoadMethodAttributes (7ms)
				AfterProcessingInitializeOnLoad (6ms)
				EditorAssembliesLoaded (0ms)
			ExecutionOrderSort2 (0ms)
			AwakeInstancesAfterBackupRestoration (5ms)
Platform modules already initialized, skipping
Switching build target platform(19) subTarget(0) extendedPlatform(0) -> platform(13) subTarget(524288) extendedPlatform(0)
Refreshing native plugins compatible for Editor in 0.31 ms, found 2 plugins.
Preloading 0 native plugins for Editor in 0.00 ms.
Unloading 1580 Unused Serialized files (Serialized files now loaded: 0)
System memory in use before: 75.6 MB.
System memory in use after: 75.7 MB.

Unloading 15 unused Assets to reduce memory usage. Loaded Objects now: 2065.
Total: 2.257100 ms (FindLiveObjects: 0.125600 ms CreateObjectMapping: 0.044600 ms MarkObjects: 2.072200 ms  DeleteObjects: 0.013900 ms)

AssetImportParameters requested are different than current active one (requested -> active):
  custom:framework-win-MediaFoundation: 216162199b28c13a410421893ffa2e32 -> 
  custom:video-decoder-ogg-theora: a1e56fd34408186e4bbccfd4996cb3dc -> 
  custom:container-muxer-webm: aa71ff27fc2769a1b78a27578f13a17b -> 
  custom:container-demuxer-webm: 4f35f7cbe854078d1ac9338744f61a02 -> 
  custom:container-demuxer-ogg: 62fdf1f143b41e24485cea50d1cbac27 -> 
  custom:video-encoder-webm-vp8: eb34c28f22e8b96e1ab97ce403110664 -> 
  custom:video-codec-MediaFoundation-h265: e54d7ab0439102e2317fc1e4b246158d -> 
  custom:video-decoder-webm-vp8: 9c59270c3fd7afecdb556c50c9e8de78 -> 
  custom:graphics/normal-map-encoding: 01000000000000000000000000000000 -> 02000000000000000000000000000000
  custom:audio-decoder-ogg-vorbis: bf7c407c2cedff20999df2af8eb42d56 -> 
  custom:audio-encoder-webm-vorbis: bf7c407c2cedff20999df2af8eb42d56 -> 
========================================================================
Received Prepare
Registering precompiled user dll's ...
Registered in 0.005860 seconds.
Begin MonoManager ReloadAssembly
Native extension for WindowsStandalone target not found
Refreshing native plugins compatible for Editor in 0.30 ms, found 2 plugins.
Preloading 0 native plugins for Editor in 0.00 ms.
Mono: successfully reloaded assembly
- Completed reload, in  1.052 seconds
Domain Reload Profiling:
	ReloadAssembly (1054ms)
		BeginReloadAssembly (94ms)
			ExecutionOrderSort (0ms)
			DisableScriptedObjects (5ms)
			BackupInstance (0ms)
			ReleaseScriptingObjects (0ms)
			CreateAndSetChildDomain (28ms)
		EndReloadAssembly (892ms)
			LoadAssemblies (85ms)
			RebuildTransferFunctionScriptingTraits (0ms)
			SetupTypeCache (251ms)
			ReleaseScriptCaches (2ms)
			RebuildScriptCaches (42ms)
			SetupLoadedEditorAssemblies (304ms)
				LogAssemblyErrors (0ms)
				InitializePlatformSupportModulesInManaged (4ms)
				SetLoadedEditorAssemblies (0ms)
				RefreshPlugins (0ms)
				BeforeProcessingInitializeOnLoad (71ms)
				ProcessInitializeOnLoadAttributes (204ms)
				ProcessInitializeOnLoadMethodAttributes (13ms)
				AfterProcessingInitializeOnLoad (12ms)
				EditorAssembliesLoaded (0ms)
			ExecutionOrderSort2 (0ms)
			AwakeInstancesAfterBackupRestoration (7ms)
Platform modules already initialized, skipping
Switching build target platform(19) subTarget(0) extendedPlatform(0) -> platform(13) subTarget(524288) extendedPlatform(0)
Refreshing native plugins compatible for Editor in 2.62 ms, found 2 plugins.
Preloading 0 native plugins for Editor in 0.00 ms.
Unloading 1580 Unused Serialized files (Serialized files now loaded: 0)
System memory in use before: 75.6 MB.
System memory in use after: 75.7 MB.

Unloading 15 unused Assets to reduce memory usage. Loaded Objects now: 2068.
Total: 3.132600 ms (FindLiveObjects: 0.127600 ms CreateObjectMapping: 0.043600 ms MarkObjects: 2.942400 ms  DeleteObjects: 0.017800 ms)

AssetImportParameters requested are different than current active one (requested -> active):
  custom:framework-win-MediaFoundation: 216162199b28c13a410421893ffa2e32 -> 
  custom:video-decoder-ogg-theora: a1e56fd34408186e4bbccfd4996cb3dc -> 
  custom:container-muxer-webm: aa71ff27fc2769a1b78a27578f13a17b -> 
  custom:container-demuxer-webm: 4f35f7cbe854078d1ac9338744f61a02 -> 
  custom:container-demuxer-ogg: 62fdf1f143b41e24485cea50d1cbac27 -> 
  custom:video-encoder-webm-vp8: eb34c28f22e8b96e1ab97ce403110664 -> 
  custom:video-codec-MediaFoundation-h265: e54d7ab0439102e2317fc1e4b246158d -> 
  custom:video-decoder-webm-vp8: 9c59270c3fd7afecdb556c50c9e8de78 -> 
  custom:graphics/normal-map-encoding: 01000000000000000000000000000000 -> 02000000000000000000000000000000
  custom:audio-decoder-ogg-vorbis: bf7c407c2cedff20999df2af8eb42d56 -> 
  custom:audio-encoder-webm-vorbis: bf7c407c2cedff20999df2af8eb42d56 -> 
========================================================================
Received Prepare
Registering precompiled user dll's ...
Registered in 0.005516 seconds.
Begin MonoManager ReloadAssembly
Native extension for WindowsStandalone target not found
Refreshing native plugins compatible for Editor in 0.54 ms, found 2 plugins.
Preloading 0 native plugins for Editor in 0.00 ms.
Mono: successfully reloaded assembly
- Completed reload, in  1.039 seconds
Domain Reload Profiling:
	ReloadAssembly (1039ms)
		BeginReloadAssembly (108ms)
			ExecutionOrderSort (0ms)
			DisableScriptedObjects (4ms)
			BackupInstance (0ms)
			ReleaseScriptingObjects (0ms)
			CreateAndSetChildDomain (35ms)
		EndReloadAssembly (872ms)
			LoadAssemblies (90ms)
			RebuildTransferFunctionScriptingTraits (0ms)
			SetupTypeCache (255ms)
			ReleaseScriptCaches (1ms)
			RebuildScriptCaches (37ms)
			SetupLoadedEditorAssemblies (328ms)
				LogAssemblyErrors (0ms)
				InitializePlatformSupportModulesInManaged (4ms)
				SetLoadedEditorAssemblies (1ms)
				RefreshPlugins (1ms)
				BeforeProcessingInitializeOnLoad (74ms)
				ProcessInitializeOnLoadAttributes (229ms)
				ProcessInitializeOnLoadMethodAttributes (11ms)
				AfterProcessingInitializeOnLoad (9ms)
				EditorAssembliesLoaded (0ms)
			ExecutionOrderSort2 (0ms)
			AwakeInstancesAfterBackupRestoration (6ms)
Platform modules already initialized, skipping
Switching build target platform(19) subTarget(0) extendedPlatform(0) -> platform(13) subTarget(524288) extendedPlatform(0)
Refreshing native plugins compatible for Editor in 0.30 ms, found 2 plugins.
Preloading 0 native plugins for Editor in 0.00 ms.
Unloading 1580 Unused Serialized files (Serialized files now loaded: 0)
System memory in use before: 75.7 MB.
System memory in use after: 75.8 MB.

Unloading 15 unused Assets to reduce memory usage. Loaded Objects now: 2071.
Total: 2.591500 ms (FindLiveObjects: 0.343100 ms CreateObjectMapping: 0.050300 ms MarkObjects: 2.182000 ms  DeleteObjects: 0.014800 ms)

AssetImportParameters requested are different than current active one (requested -> active):
  custom:framework-win-MediaFoundation: 216162199b28c13a410421893ffa2e32 -> 
  custom:video-decoder-ogg-theora: a1e56fd34408186e4bbccfd4996cb3dc -> 
  custom:container-muxer-webm: aa71ff27fc2769a1b78a27578f13a17b -> 
  custom:container-demuxer-webm: 4f35f7cbe854078d1ac9338744f61a02 -> 
  custom:container-demuxer-ogg: 62fdf1f143b41e24485cea50d1cbac27 -> 
  custom:video-encoder-webm-vp8: eb34c28f22e8b96e1ab97ce403110664 -> 
  custom:video-codec-MediaFoundation-h265: e54d7ab0439102e2317fc1e4b246158d -> 
  custom:video-decoder-webm-vp8: 9c59270c3fd7afecdb556c50c9e8de78 -> 
  custom:graphics/normal-map-encoding: 01000000000000000000000000000000 -> 02000000000000000000000000000000
  custom:audio-decoder-ogg-vorbis: bf7c407c2cedff20999df2af8eb42d56 -> 
  custom:audio-encoder-webm-vorbis: bf7c407c2cedff20999df2af8eb42d56 -> 
========================================================================
Received Prepare
Registering precompiled user dll's ...
Registered in 0.002613 seconds.
Begin MonoManager ReloadAssembly
Native extension for WindowsStandalone target not found
Refreshing native plugins compatible for Editor in 0.31 ms, found 2 plugins.
Preloading 0 native plugins for Editor in 0.00 ms.
Mono: successfully reloaded assembly
- Completed reload, in  1.083 seconds
Domain Reload Profiling:
	ReloadAssembly (1083ms)
		BeginReloadAssembly (106ms)
			ExecutionOrderSort (0ms)
			DisableScriptedObjects (6ms)
			BackupInstance (0ms)
			ReleaseScriptingObjects (0ms)
			CreateAndSetChildDomain (30ms)
		EndReloadAssembly (906ms)
			LoadAssemblies (93ms)
			RebuildTransferFunctionScriptingTraits (0ms)
			SetupTypeCache (306ms)
			ReleaseScriptCaches (1ms)
			RebuildScriptCaches (42ms)
			SetupLoadedEditorAssemblies (275ms)
				LogAssemblyErrors (0ms)
				InitializePlatformSupportModulesInManaged (6ms)
				SetLoadedEditorAssemblies (0ms)
				RefreshPlugins (0ms)
				BeforeProcessingInitializeOnLoad (74ms)
				ProcessInitializeOnLoadAttributes (179ms)
				ProcessInitializeOnLoadMethodAttributes (8ms)
				AfterProcessingInitializeOnLoad (8ms)
				EditorAssembliesLoaded (0ms)
			ExecutionOrderSort2 (0ms)
			AwakeInstancesAfterBackupRestoration (6ms)
Platform modules already initialized, skipping
Switching build target platform(19) subTarget(0) extendedPlatform(0) -> platform(13) subTarget(524288) extendedPlatform(0)
Refreshing native plugins compatible for Editor in 0.30 ms, found 2 plugins.
Preloading 0 native plugins for Editor in 0.00 ms.
Unloading 1580 Unused Serialized files (Serialized files now loaded: 0)
System memory in use before: 75.7 MB.
System memory in use after: 75.8 MB.

Unloading 15 unused Assets to reduce memory usage. Loaded Objects now: 2074.
Total: 2.444800 ms (FindLiveObjects: 0.138100 ms CreateObjectMapping: 0.048000 ms MarkObjects: 2.242100 ms  DeleteObjects: 0.015500 ms)

AssetImportParameters requested are different than current active one (requested -> active):
  custom:framework-win-MediaFoundation: 216162199b28c13a410421893ffa2e32 -> 
  custom:video-decoder-ogg-theora: a1e56fd34408186e4bbccfd4996cb3dc -> 
  custom:container-muxer-webm: aa71ff27fc2769a1b78a27578f13a17b -> 
  custom:container-demuxer-webm: 4f35f7cbe854078d1ac9338744f61a02 -> 
  custom:container-demuxer-ogg: 62fdf1f143b41e24485cea50d1cbac27 -> 
  custom:video-encoder-webm-vp8: eb34c28f22e8b96e1ab97ce403110664 -> 
  custom:video-codec-MediaFoundation-h265: e54d7ab0439102e2317fc1e4b246158d -> 
  custom:video-decoder-webm-vp8: 9c59270c3fd7afecdb556c50c9e8de78 -> 
  custom:graphics/normal-map-encoding: 01000000000000000000000000000000 -> 02000000000000000000000000000000
  custom:audio-decoder-ogg-vorbis: bf7c407c2cedff20999df2af8eb42d56 -> 
  custom:audio-encoder-webm-vorbis: bf7c407c2cedff20999df2af8eb42d56 -> 
========================================================================
Received Prepare
Registering precompiled user dll's ...
Registered in 0.002452 seconds.
Begin MonoManager ReloadAssembly
Native extension for WindowsStandalone target not found
Refreshing native plugins compatible for Editor in 0.35 ms, found 2 plugins.
Preloading 0 native plugins for Editor in 0.00 ms.
Mono: successfully reloaded assembly
- Completed reload, in  0.937 seconds
Domain Reload Profiling:
	ReloadAssembly (938ms)
		BeginReloadAssembly (95ms)
			ExecutionOrderSort (0ms)
			DisableScriptedObjects (6ms)
			BackupInstance (0ms)
			ReleaseScriptingObjects (0ms)
			CreateAndSetChildDomain (28ms)
		EndReloadAssembly (787ms)
			LoadAssemblies (78ms)
			RebuildTransferFunctionScriptingTraits (0ms)
			SetupTypeCache (245ms)
			ReleaseScriptCaches (1ms)
			RebuildScriptCaches (41ms)
			SetupLoadedEditorAssemblies (254ms)
				LogAssemblyErrors (0ms)
				InitializePlatformSupportModulesInManaged (4ms)
				SetLoadedEditorAssemblies (2ms)
				RefreshPlugins (0ms)
				BeforeProcessingInitializeOnLoad (68ms)
				ProcessInitializeOnLoadAttributes (167ms)
				ProcessInitializeOnLoadMethodAttributes (7ms)
				AfterProcessingInitializeOnLoad (6ms)
				EditorAssembliesLoaded (0ms)
			ExecutionOrderSort2 (0ms)
			AwakeInstancesAfterBackupRestoration (6ms)
Platform modules already initialized, skipping
Switching build target platform(19) subTarget(0) extendedPlatform(0) -> platform(13) subTarget(524288) extendedPlatform(0)
Refreshing native plugins compatible for Editor in 0.31 ms, found 2 plugins.
Preloading 0 native plugins for Editor in 0.00 ms.
Unloading 1580 Unused Serialized files (Serialized files now loaded: 0)
System memory in use before: 75.7 MB.
System memory in use after: 75.8 MB.

Unloading 15 unused Assets to reduce memory usage. Loaded Objects now: 2077.
Total: 2.359800 ms (FindLiveObjects: 0.128200 ms CreateObjectMapping: 0.043900 ms MarkObjects: 2.173100 ms  DeleteObjects: 0.013600 ms)

AssetImportParameters requested are different than current active one (requested -> active):
  custom:framework-win-MediaFoundation: 216162199b28c13a410421893ffa2e32 -> 
  custom:video-decoder-ogg-theora: a1e56fd34408186e4bbccfd4996cb3dc -> 
  custom:container-muxer-webm: aa71ff27fc2769a1b78a27578f13a17b -> 
  custom:container-demuxer-webm: 4f35f7cbe854078d1ac9338744f61a02 -> 
  custom:container-demuxer-ogg: 62fdf1f143b41e24485cea50d1cbac27 -> 
  custom:video-encoder-webm-vp8: eb34c28f22e8b96e1ab97ce403110664 -> 
  custom:video-codec-MediaFoundation-h265: e54d7ab0439102e2317fc1e4b246158d -> 
  custom:video-decoder-webm-vp8: 9c59270c3fd7afecdb556c50c9e8de78 -> 
  custom:graphics/normal-map-encoding: 01000000000000000000000000000000 -> 02000000000000000000000000000000
  custom:audio-decoder-ogg-vorbis: bf7c407c2cedff20999df2af8eb42d56 -> 
  custom:audio-encoder-webm-vorbis: bf7c407c2cedff20999df2af8eb42d56 -> 
========================================================================
Received Import Request.
  Time since last request: 4148.146684 seconds.
  path: Assets/Resources/Prefabs/White Blood Cell.prefab
  artifactKey: Guid(9ba4137bd217cb14e88752b551bc4888) Importer(815301076,1909f56bfc062723c751e8b465ee728b)
Start importing Assets/Resources/Prefabs/White Blood Cell.prefab using Guid(9ba4137bd217cb14e88752b551bc4888) Importer(815301076,1909f56bfc062723c751e8b465ee728b)  -> (artifact id: 'ff4e3943dfdd0deeb55b076608eb0393') in 0.062599 seconds 
  Import took 0.065569 seconds .

========================================================================
Received Import Request.
  Time since last request: 24.836816 seconds.
  path: Assets/Models/redBloodCellsHighPoly.fbx
  artifactKey: Guid(5cd4697ec3dcecf40b421707181af384) Importer(815301076,1909f56bfc062723c751e8b465ee728b)
Start importing Assets/Models/redBloodCellsHighPoly.fbx using Guid(5cd4697ec3dcecf40b421707181af384) Importer(815301076,1909f56bfc062723c751e8b465ee728b)  -> (artifact id: 'd16a9a3af7ec21dd3e0fac986d8d1d34') in 0.103643 seconds 
  Import took 0.106338 seconds .

========================================================================
Received Import Request.
  Time since last request: 0.071502 seconds.
  path: Assets/Resources/Prefabs/Red Blood Cell Particles.prefab
  artifactKey: Guid(2157c181a4123f24784a804f58866394) Importer(815301076,1909f56bfc062723c751e8b465ee728b)
Start importing Assets/Resources/Prefabs/Red Blood Cell Particles.prefab using Guid(2157c181a4123f24784a804f58866394) Importer(815301076,1909f56bfc062723c751e8b465ee728b)  -> (artifact id: 'fed0a141419030a131ae6c777d8ecd85') in 0.033807 seconds 
  Import took 0.036582 seconds .

========================================================================
Received Import Request.
  Time since last request: 564.622791 seconds.
  path: Assets/Resources/Prefabs/Covid Cell.prefab
  artifactKey: Guid(2027a855cd474124b9c80fba73066e34) Importer(815301076,1909f56bfc062723c751e8b465ee728b)
Start importing Assets/Resources/Prefabs/Covid Cell.prefab using Guid(2027a855cd474124b9c80fba73066e34) Importer(815301076,1909f56bfc062723c751e8b465ee728b)  -> (artifact id: '621ec3a1cc14fcc57b1312a198e5c755') in 0.014868 seconds 
  Import took 0.018018 seconds .

========================================================================
Received Import Request.
  Time since last request: 0.433678 seconds.
  path: Assets/Resources/Prefabs/Red Blood Cell Particles.prefab
  artifactKey: Guid(2157c181a4123f24784a804f58866394) Importer(815301076,1909f56bfc062723c751e8b465ee728b)
Start importing Assets/Resources/Prefabs/Red Blood Cell Particles.prefab using Guid(2157c181a4123f24784a804f58866394) Importer(815301076,1909f56bfc062723c751e8b465ee728b)  -> (artifact id: '2d2c3f285cfb94b113fd2116864858e6') in 0.010669 seconds 
  Import took 0.013270 seconds .

========================================================================
Received Prepare
Registering precompiled user dll's ...
Registered in 0.004759 seconds.
Begin MonoManager ReloadAssembly
Native extension for WindowsStandalone target not found
Refreshing native plugins compatible for Editor in 0.31 ms, found 2 plugins.
Preloading 0 native plugins for Editor in 0.00 ms.
Mono: successfully reloaded assembly
- Completed reload, in  1.110 seconds
Domain Reload Profiling:
	ReloadAssembly (1110ms)
		BeginReloadAssembly (104ms)
			ExecutionOrderSort (0ms)
			DisableScriptedObjects (3ms)
			BackupInstance (0ms)
			ReleaseScriptingObjects (0ms)
			CreateAndSetChildDomain (31ms)
		EndReloadAssembly (953ms)
			LoadAssemblies (74ms)
			RebuildTransferFunctionScriptingTraits (0ms)
			SetupTypeCache (290ms)
			ReleaseScriptCaches (1ms)
			RebuildScriptCaches (37ms)
			SetupLoadedEditorAssemblies (380ms)
				LogAssemblyErrors (0ms)
				InitializePlatformSupportModulesInManaged (5ms)
				SetLoadedEditorAssemblies (0ms)
				RefreshPlugins (0ms)
				BeforeProcessingInitializeOnLoad (69ms)
				ProcessInitializeOnLoadAttributes (292ms)
				ProcessInitializeOnLoadMethodAttributes (8ms)
				AfterProcessingInitializeOnLoad (5ms)
				EditorAssembliesLoaded (0ms)
			ExecutionOrderSort2 (0ms)
			AwakeInstancesAfterBackupRestoration (5ms)
Platform modules already initialized, skipping
Switching build target platform(19) subTarget(0) extendedPlatform(0) -> platform(13) subTarget(524288) extendedPlatform(0)
Refreshing native plugins compatible for Editor in 0.40 ms, found 2 plugins.
Preloading 0 native plugins for Editor in 0.00 ms.
Unloading 1580 Unused Serialized files (Serialized files now loaded: 0)
System memory in use before: 76.0 MB.
System memory in use after: 76.1 MB.

Unloading 15 unused Assets to reduce memory usage. Loaded Objects now: 2117.
Total: 3.176600 ms (FindLiveObjects: 0.147300 ms CreateObjectMapping: 0.052600 ms MarkObjects: 2.958100 ms  DeleteObjects: 0.017700 ms)

AssetImportParameters requested are different than current active one (requested -> active):
  custom:framework-win-MediaFoundation: 216162199b28c13a410421893ffa2e32 -> 
  custom:video-decoder-ogg-theora: a1e56fd34408186e4bbccfd4996cb3dc -> 
  custom:container-muxer-webm: aa71ff27fc2769a1b78a27578f13a17b -> 
  custom:container-demuxer-webm: 4f35f7cbe854078d1ac9338744f61a02 -> 
  custom:container-demuxer-ogg: 62fdf1f143b41e24485cea50d1cbac27 -> 
  custom:video-encoder-webm-vp8: eb34c28f22e8b96e1ab97ce403110664 -> 
  custom:video-codec-MediaFoundation-h265: e54d7ab0439102e2317fc1e4b246158d -> 
  custom:video-decoder-webm-vp8: 9c59270c3fd7afecdb556c50c9e8de78 -> 
  custom:graphics/normal-map-encoding: 01000000000000000000000000000000 -> 02000000000000000000000000000000
  custom:audio-decoder-ogg-vorbis: bf7c407c2cedff20999df2af8eb42d56 -> 
  custom:audio-encoder-webm-vorbis: bf7c407c2cedff20999df2af8eb42d56 -> 
========================================================================
Received Prepare
Registering precompiled user dll's ...
Registered in 0.005782 seconds.
Begin MonoManager ReloadAssembly
Native extension for WindowsStandalone target not found
Refreshing native plugins compatible for Editor in 0.32 ms, found 2 plugins.
Preloading 0 native plugins for Editor in 0.00 ms.
Mono: successfully reloaded assembly
- Completed reload, in  1.137 seconds
Domain Reload Profiling:
	ReloadAssembly (1138ms)
		BeginReloadAssembly (115ms)
			ExecutionOrderSort (0ms)
			DisableScriptedObjects (3ms)
			BackupInstance (0ms)
			ReleaseScriptingObjects (0ms)
			CreateAndSetChildDomain (36ms)
		EndReloadAssembly (950ms)
			LoadAssemblies (91ms)
			RebuildTransferFunctionScriptingTraits (0ms)
			SetupTypeCache (295ms)
			ReleaseScriptCaches (1ms)
			RebuildScriptCaches (40ms)
			SetupLoadedEditorAssemblies (309ms)
				LogAssemblyErrors (0ms)
				InitializePlatformSupportModulesInManaged (5ms)
				SetLoadedEditorAssemblies (0ms)
				RefreshPlugins (0ms)
				BeforeProcessingInitializeOnLoad (78ms)
				ProcessInitializeOnLoadAttributes (213ms)
				ProcessInitializeOnLoadMethodAttributes (7ms)
				AfterProcessingInitializeOnLoad (6ms)
				EditorAssembliesLoaded (0ms)
			ExecutionOrderSort2 (0ms)
			AwakeInstancesAfterBackupRestoration (7ms)
Platform modules already initialized, skipping
Switching build target platform(19) subTarget(0) extendedPlatform(0) -> platform(13) subTarget(524288) extendedPlatform(0)
Refreshing native plugins compatible for Editor in 0.30 ms, found 2 plugins.
Preloading 0 native plugins for Editor in 0.00 ms.
Unloading 1580 Unused Serialized files (Serialized files now loaded: 0)
System memory in use before: 76.0 MB.
System memory in use after: 76.1 MB.

Unloading 15 unused Assets to reduce memory usage. Loaded Objects now: 2120.
Total: 4.430700 ms (FindLiveObjects: 0.166500 ms CreateObjectMapping: 0.068100 ms MarkObjects: 4.175000 ms  DeleteObjects: 0.019400 ms)

AssetImportParameters requested are different than current active one (requested -> active):
  custom:framework-win-MediaFoundation: 216162199b28c13a410421893ffa2e32 -> 
  custom:video-decoder-ogg-theora: a1e56fd34408186e4bbccfd4996cb3dc -> 
  custom:container-muxer-webm: aa71ff27fc2769a1b78a27578f13a17b -> 
  custom:container-demuxer-webm: 4f35f7cbe854078d1ac9338744f61a02 -> 
  custom:container-demuxer-ogg: 62fdf1f143b41e24485cea50d1cbac27 -> 
  custom:video-encoder-webm-vp8: eb34c28f22e8b96e1ab97ce403110664 -> 
  custom:video-codec-MediaFoundation-h265: e54d7ab0439102e2317fc1e4b246158d -> 
  custom:video-decoder-webm-vp8: 9c59270c3fd7afecdb556c50c9e8de78 -> 
  custom:graphics/normal-map-encoding: 01000000000000000000000000000000 -> 02000000000000000000000000000000
  custom:audio-decoder-ogg-vorbis: bf7c407c2cedff20999df2af8eb42d56 -> 
  custom:audio-encoder-webm-vorbis: bf7c407c2cedff20999df2af8eb42d56 -> 
========================================================================
Received Prepare
Registering precompiled user dll's ...
Registered in 0.004522 seconds.
Begin MonoManager ReloadAssembly
Native extension for WindowsStandalone target not found
Refreshing native plugins compatible for Editor in 0.37 ms, found 2 plugins.
Preloading 0 native plugins for Editor in 0.00 ms.
Mono: successfully reloaded assembly
- Completed reload, in  1.048 seconds
Domain Reload Profiling:
	ReloadAssembly (1049ms)
		BeginReloadAssembly (100ms)
			ExecutionOrderSort (0ms)
			DisableScriptedObjects (4ms)
			BackupInstance (0ms)
			ReleaseScriptingObjects (0ms)
			CreateAndSetChildDomain (26ms)
		EndReloadAssembly (894ms)
			LoadAssemblies (69ms)
			RebuildTransferFunctionScriptingTraits (0ms)
			SetupTypeCache (243ms)
			ReleaseScriptCaches (1ms)
			RebuildScriptCaches (39ms)
			SetupLoadedEditorAssemblies (344ms)
				LogAssemblyErrors (0ms)
				InitializePlatformSupportModulesInManaged (5ms)
				SetLoadedEditorAssemblies (0ms)
				RefreshPlugins (0ms)
				BeforeProcessingInitializeOnLoad (101ms)
				ProcessInitializeOnLoadAttributes (224ms)
				ProcessInitializeOnLoadMethodAttributes (8ms)
				AfterProcessingInitializeOnLoad (5ms)
				EditorAssembliesLoaded (0ms)
			ExecutionOrderSort2 (0ms)
			AwakeInstancesAfterBackupRestoration (6ms)
Platform modules already initialized, skipping
Switching build target platform(19) subTarget(0) extendedPlatform(0) -> platform(13) subTarget(524288) extendedPlatform(0)
Refreshing native plugins compatible for Editor in 1.89 ms, found 2 plugins.
Preloading 0 native plugins for Editor in 0.00 ms.
Unloading 1580 Unused Serialized files (Serialized files now loaded: 0)
System memory in use before: 76.0 MB.
System memory in use after: 76.1 MB.

Unloading 15 unused Assets to reduce memory usage. Loaded Objects now: 2123.
Total: 2.942400 ms (FindLiveObjects: 0.131100 ms CreateObjectMapping: 0.046700 ms MarkObjects: 2.747100 ms  DeleteObjects: 0.016600 ms)

AssetImportParameters requested are different than current active one (requested -> active):
  custom:framework-win-MediaFoundation: 216162199b28c13a410421893ffa2e32 -> 
  custom:video-decoder-ogg-theora: a1e56fd34408186e4bbccfd4996cb3dc -> 
  custom:container-muxer-webm: aa71ff27fc2769a1b78a27578f13a17b -> 
  custom:container-demuxer-webm: 4f35f7cbe854078d1ac9338744f61a02 -> 
  custom:container-demuxer-ogg: 62fdf1f143b41e24485cea50d1cbac27 -> 
  custom:video-encoder-webm-vp8: eb34c28f22e8b96e1ab97ce403110664 -> 
  custom:video-codec-MediaFoundation-h265: e54d7ab0439102e2317fc1e4b246158d -> 
  custom:video-decoder-webm-vp8: 9c59270c3fd7afecdb556c50c9e8de78 -> 
  custom:graphics/normal-map-encoding: 01000000000000000000000000000000 -> 02000000000000000000000000000000
  custom:audio-decoder-ogg-vorbis: bf7c407c2cedff20999df2af8eb42d56 -> 
  custom:audio-encoder-webm-vorbis: bf7c407c2cedff20999df2af8eb42d56 -> 
========================================================================
Received Prepare
Registering precompiled user dll's ...
Registered in 0.004366 seconds.
Begin MonoManager ReloadAssembly
Native extension for WindowsStandalone target not found
Refreshing native plugins compatible for Editor in 0.33 ms, found 2 plugins.
Preloading 0 native plugins for Editor in 0.00 ms.
Mono: successfully reloaded assembly
- Completed reload, in  2.590 seconds
Domain Reload Profiling:
	ReloadAssembly (2591ms)
		BeginReloadAssembly (169ms)
			ExecutionOrderSort (0ms)
			DisableScriptedObjects (6ms)
			BackupInstance (0ms)
			ReleaseScriptingObjects (0ms)
			CreateAndSetChildDomain (41ms)
		EndReloadAssembly (2247ms)
			LoadAssemblies (152ms)
			RebuildTransferFunctionScriptingTraits (0ms)
			SetupTypeCache (589ms)
			ReleaseScriptCaches (9ms)
			RebuildScriptCaches (91ms)
			SetupLoadedEditorAssemblies (831ms)
				LogAssemblyErrors (0ms)
				InitializePlatformSupportModulesInManaged (7ms)
				SetLoadedEditorAssemblies (2ms)
				RefreshPlugins (0ms)
				BeforeProcessingInitializeOnLoad (218ms)
				ProcessInitializeOnLoadAttributes (435ms)
				ProcessInitializeOnLoadMethodAttributes (16ms)
				AfterProcessingInitializeOnLoad (35ms)
				EditorAssembliesLoaded (119ms)
			ExecutionOrderSort2 (0ms)
			AwakeInstancesAfterBackupRestoration (15ms)
Platform modules already initialized, skipping
Switching build target platform(19) subTarget(0) extendedPlatform(0) -> platform(13) subTarget(524288) extendedPlatform(0)
Refreshing native plugins compatible for Editor in 0.32 ms, found 2 plugins.
Preloading 0 native plugins for Editor in 0.00 ms.
Unloading 1580 Unused Serialized files (Serialized files now loaded: 0)
System memory in use before: 76.0 MB.
System memory in use after: 76.1 MB.

Unloading 15 unused Assets to reduce memory usage. Loaded Objects now: 2126.
Total: 3.908600 ms (FindLiveObjects: 0.381600 ms CreateObjectMapping: 0.097100 ms MarkObjects: 3.411400 ms  DeleteObjects: 0.017100 ms)

AssetImportParameters requested are different than current active one (requested -> active):
  custom:framework-win-MediaFoundation: 216162199b28c13a410421893ffa2e32 -> 
  custom:video-decoder-ogg-theora: a1e56fd34408186e4bbccfd4996cb3dc -> 
  custom:container-muxer-webm: aa71ff27fc2769a1b78a27578f13a17b -> 
  custom:container-demuxer-webm: 4f35f7cbe854078d1ac9338744f61a02 -> 
  custom:container-demuxer-ogg: 62fdf1f143b41e24485cea50d1cbac27 -> 
  custom:video-encoder-webm-vp8: eb34c28f22e8b96e1ab97ce403110664 -> 
  custom:video-codec-MediaFoundation-h265: e54d7ab0439102e2317fc1e4b246158d -> 
  custom:video-decoder-webm-vp8: 9c59270c3fd7afecdb556c50c9e8de78 -> 
  custom:graphics/normal-map-encoding: 01000000000000000000000000000000 -> 02000000000000000000000000000000
  custom:audio-decoder-ogg-vorbis: bf7c407c2cedff20999df2af8eb42d56 -> 
  custom:audio-encoder-webm-vorbis: bf7c407c2cedff20999df2af8eb42d56 -> 
========================================================================
Received Prepare
Registering precompiled user dll's ...
Registered in 0.002804 seconds.
Begin MonoManager ReloadAssembly
Native extension for WindowsStandalone target not found
Refreshing native plugins compatible for Editor in 0.31 ms, found 2 plugins.
Preloading 0 native plugins for Editor in 0.00 ms.
Mono: successfully reloaded assembly
- Completed reload, in  1.618 seconds
Domain Reload Profiling:
	ReloadAssembly (1619ms)
		BeginReloadAssembly (163ms)
			ExecutionOrderSort (0ms)
			DisableScriptedObjects (3ms)
			BackupInstance (0ms)
			ReleaseScriptingObjects (0ms)
			CreateAndSetChildDomain (43ms)
		EndReloadAssembly (1350ms)
			LoadAssemblies (165ms)
			RebuildTransferFunctionScriptingTraits (0ms)
			SetupTypeCache (624ms)
			ReleaseScriptCaches (2ms)
			RebuildScriptCaches (55ms)
			SetupLoadedEditorAssemblies (284ms)
				LogAssemblyErrors (0ms)
				InitializePlatformSupportModulesInManaged (5ms)
				SetLoadedEditorAssemblies (0ms)
				RefreshPlugins (0ms)
				BeforeProcessingInitializeOnLoad (74ms)
				ProcessInitializeOnLoadAttributes (190ms)
				ProcessInitializeOnLoadMethodAttributes (8ms)
				AfterProcessingInitializeOnLoad (6ms)
				EditorAssembliesLoaded (0ms)
			ExecutionOrderSort2 (0ms)
			AwakeInstancesAfterBackupRestoration (6ms)
Platform modules already initialized, skipping
Switching build target platform(19) subTarget(0) extendedPlatform(0) -> platform(13) subTarget(524288) extendedPlatform(0)
Refreshing native plugins compatible for Editor in 0.32 ms, found 2 plugins.
Preloading 0 native plugins for Editor in 0.00 ms.
Unloading 1580 Unused Serialized files (Serialized files now loaded: 0)
System memory in use before: 76.0 MB.
System memory in use after: 76.2 MB.

Unloading 15 unused Assets to reduce memory usage. Loaded Objects now: 2129.
Total: 2.638500 ms (FindLiveObjects: 0.142400 ms CreateObjectMapping: 0.047700 ms MarkObjects: 2.431600 ms  DeleteObjects: 0.015800 ms)

AssetImportParameters requested are different than current active one (requested -> active):
  custom:framework-win-MediaFoundation: 216162199b28c13a410421893ffa2e32 -> 
  custom:video-decoder-ogg-theora: a1e56fd34408186e4bbccfd4996cb3dc -> 
  custom:container-muxer-webm: aa71ff27fc2769a1b78a27578f13a17b -> 
  custom:container-demuxer-webm: 4f35f7cbe854078d1ac9338744f61a02 -> 
  custom:container-demuxer-ogg: 62fdf1f143b41e24485cea50d1cbac27 -> 
  custom:video-encoder-webm-vp8: eb34c28f22e8b96e1ab97ce403110664 -> 
  custom:video-codec-MediaFoundation-h265: e54d7ab0439102e2317fc1e4b246158d -> 
  custom:video-decoder-webm-vp8: 9c59270c3fd7afecdb556c50c9e8de78 -> 
  custom:graphics/normal-map-encoding: 01000000000000000000000000000000 -> 02000000000000000000000000000000
  custom:audio-decoder-ogg-vorbis: bf7c407c2cedff20999df2af8eb42d56 -> 
  custom:audio-encoder-webm-vorbis: bf7c407c2cedff20999df2af8eb42d56 -> 
========================================================================
Received Import Request.
  Time since last request: 1821.031060 seconds.
  path: Assets/_Dev Scenes/Main Scene - Eric.unity
  artifactKey: Guid(2b67295886a2a854098073c01574751d) Importer(815301076,1909f56bfc062723c751e8b465ee728b)
Start importing Assets/_Dev Scenes/Main Scene - Eric.unity using Guid(2b67295886a2a854098073c01574751d) Importer(815301076,1909f56bfc062723c751e8b465ee728b)  -> (artifact id: 'e55b5629f17fb708fd1957beddd70a06') in 0.015582 seconds 
  Import took 0.017798 seconds .

========================================================================
Received Import Request.
  Time since last request: 18.570411 seconds.
  path: Assets/Scenes/Main Scene.unity
  artifactKey: Guid(2b67295886a2a854098073c01574751d) Importer(815301076,1909f56bfc062723c751e8b465ee728b)
Start importing Assets/Scenes/Main Scene.unity using Guid(2b67295886a2a854098073c01574751d) Importer(815301076,1909f56bfc062723c751e8b465ee728b)  -> (artifact id: 'c5cacf0d68bd82626a534ab7908d264d') in 0.006851 seconds 
  Import took 0.011823 seconds .

========================================================================
Received Import Request.
  Time since last request: 2.144124 seconds.
  path: Assets/Scenes/Main Scene 1.unity
  artifactKey: Guid(963b490add667304092d289d1e292ab1) Importer(815301076,1909f56bfc062723c751e8b465ee728b)
Start importing Assets/Scenes/Main Scene 1.unity using Guid(963b490add667304092d289d1e292ab1) Importer(815301076,1909f56bfc062723c751e8b465ee728b)  -> (artifact id: '4ea1f78d058e392dccadc114fba1b154') in 0.006674 seconds 
  Import took 0.011856 seconds .

========================================================================
Received Import Request.
  Time since last request: 10.124970 seconds.
  path: Assets/_Dev Scenes/Main Scene - Eric.unity
  artifactKey: Guid(963b490add667304092d289d1e292ab1) Importer(815301076,1909f56bfc062723c751e8b465ee728b)
Start importing Assets/_Dev Scenes/Main Scene - Eric.unity using Guid(963b490add667304092d289d1e292ab1) Importer(815301076,1909f56bfc062723c751e8b465ee728b)  -> (artifact id: 'af2a6a49c1f0bb1f0106e3ffdd818d0f') in 0.005341 seconds 
  Import took 0.009763 seconds .

========================================================================
Received Import Request.
  Time since last request: 2102.177636 seconds.
  path: Assets/Resources/MicrosoftTeams-image.png
  artifactKey: Guid(4697c5bdcf2968a44981ad6eb40babec) Importer(815301076,1909f56bfc062723c751e8b465ee728b)
Start importing Assets/Resources/MicrosoftTeams-image.png using Guid(4697c5bdcf2968a44981ad6eb40babec) Importer(815301076,1909f56bfc062723c751e8b465ee728b)  -> (artifact id: 'c02a44f1fe0beb32efc9b8c4f86462b9') in 0.080908 seconds 
  Import took 0.087656 seconds .

========================================================================
Received Import Request.
  Time since last request: 13.390297 seconds.
  path: Assets/Resources/doctor's office panorama.png
  artifactKey: Guid(4697c5bdcf2968a44981ad6eb40babec) Importer(815301076,1909f56bfc062723c751e8b465ee728b)
Start importing Assets/Resources/doctor's office panorama.png using Guid(4697c5bdcf2968a44981ad6eb40babec) Importer(815301076,1909f56bfc062723c751e8b465ee728b)  -> (artifact id: '475a447637634f203d6a856b1eafef58') in 0.029064 seconds 
  Import took 0.032345 seconds .

========================================================================
Received Prepare
Registering precompiled user dll's ...
Registered in 0.002515 seconds.
Begin MonoManager ReloadAssembly
Native extension for WindowsStandalone target not found
Refreshing native plugins compatible for Editor in 0.31 ms, found 2 plugins.
Preloading 0 native plugins for Editor in 0.00 ms.
Mono: successfully reloaded assembly
- Completed reload, in  1.213 seconds
Domain Reload Profiling:
	ReloadAssembly (1214ms)
		BeginReloadAssembly (165ms)
			ExecutionOrderSort (0ms)
			DisableScriptedObjects (7ms)
			BackupInstance (0ms)
			ReleaseScriptingObjects (0ms)
			CreateAndSetChildDomain (69ms)
		EndReloadAssembly (973ms)
			LoadAssemblies (100ms)
			RebuildTransferFunctionScriptingTraits (0ms)
			SetupTypeCache (281ms)
			ReleaseScriptCaches (1ms)
			RebuildScriptCaches (46ms)
			SetupLoadedEditorAssemblies (306ms)
				LogAssemblyErrors (0ms)
				InitializePlatformSupportModulesInManaged (5ms)
				SetLoadedEditorAssemblies (0ms)
				RefreshPlugins (0ms)
				BeforeProcessingInitializeOnLoad (83ms)
				ProcessInitializeOnLoadAttributes (202ms)
				ProcessInitializeOnLoadMethodAttributes (10ms)
				AfterProcessingInitializeOnLoad (6ms)
				EditorAssembliesLoaded (0ms)
			ExecutionOrderSort2 (0ms)
			AwakeInstancesAfterBackupRestoration (12ms)
Platform modules already initialized, skipping
Switching build target platform(19) subTarget(0) extendedPlatform(0) -> platform(13) subTarget(524288) extendedPlatform(0)
Refreshing native plugins compatible for Editor in 0.42 ms, found 2 plugins.
Preloading 0 native plugins for Editor in 0.00 ms.
Unloading 1580 Unused Serialized files (Serialized files now loaded: 0)
System memory in use before: 76.1 MB.
System memory in use after: 76.2 MB.

Unloading 15 unused Assets to reduce memory usage. Loaded Objects now: 2134.
Total: 8.835300 ms (FindLiveObjects: 0.266700 ms CreateObjectMapping: 0.737100 ms MarkObjects: 7.781700 ms  DeleteObjects: 0.048300 ms)

AssetImportParameters requested are different than current active one (requested -> active):
  custom:framework-win-MediaFoundation: 216162199b28c13a410421893ffa2e32 -> 
  custom:video-decoder-ogg-theora: a1e56fd34408186e4bbccfd4996cb3dc -> 
  custom:container-muxer-webm: aa71ff27fc2769a1b78a27578f13a17b -> 
  custom:container-demuxer-webm: 4f35f7cbe854078d1ac9338744f61a02 -> 
  custom:container-demuxer-ogg: 62fdf1f143b41e24485cea50d1cbac27 -> 
  custom:video-encoder-webm-vp8: eb34c28f22e8b96e1ab97ce403110664 -> 
  custom:video-codec-MediaFoundation-h265: e54d7ab0439102e2317fc1e4b246158d -> 
  custom:video-decoder-webm-vp8: 9c59270c3fd7afecdb556c50c9e8de78 -> 
  custom:graphics/normal-map-encoding: 01000000000000000000000000000000 -> 02000000000000000000000000000000
  custom:audio-decoder-ogg-vorbis: bf7c407c2cedff20999df2af8eb42d56 -> 
  custom:audio-encoder-webm-vorbis: bf7c407c2cedff20999df2af8eb42d56 -> 
========================================================================
Received Prepare
Registering precompiled user dll's ...
Registered in 0.003381 seconds.
Begin MonoManager ReloadAssembly
Native extension for WindowsStandalone target not found
Refreshing native plugins compatible for Editor in 0.31 ms, found 2 plugins.
Preloading 0 native plugins for Editor in 0.00 ms.
Mono: successfully reloaded assembly
- Completed reload, in  1.153 seconds
Domain Reload Profiling:
	ReloadAssembly (1154ms)
		BeginReloadAssembly (149ms)
			ExecutionOrderSort (0ms)
			DisableScriptedObjects (5ms)
			BackupInstance (0ms)
			ReleaseScriptingObjects (0ms)
			CreateAndSetChildDomain (42ms)
		EndReloadAssembly (948ms)
			LoadAssemblies (112ms)
			RebuildTransferFunctionScriptingTraits (0ms)
			SetupTypeCache (275ms)
			ReleaseScriptCaches (1ms)
			RebuildScriptCaches (41ms)
			SetupLoadedEditorAssemblies (287ms)
				LogAssemblyErrors (0ms)
				InitializePlatformSupportModulesInManaged (5ms)
				SetLoadedEditorAssemblies (0ms)
				RefreshPlugins (0ms)
				BeforeProcessingInitializeOnLoad (78ms)
				ProcessInitializeOnLoadAttributes (186ms)
				ProcessInitializeOnLoadMethodAttributes (10ms)
				AfterProcessingInitializeOnLoad (7ms)
				EditorAssembliesLoaded (0ms)
			ExecutionOrderSort2 (0ms)
			AwakeInstancesAfterBackupRestoration (11ms)
Platform modules already initialized, skipping
Switching build target platform(19) subTarget(0) extendedPlatform(0) -> platform(13) subTarget(524288) extendedPlatform(0)
Refreshing native plugins compatible for Editor in 0.30 ms, found 2 plugins.
Preloading 0 native plugins for Editor in 0.00 ms.
Unloading 1580 Unused Serialized files (Serialized files now loaded: 0)
System memory in use before: 76.1 MB.
System memory in use after: 76.2 MB.

Unloading 15 unused Assets to reduce memory usage. Loaded Objects now: 2137.
Total: 2.515300 ms (FindLiveObjects: 0.140400 ms CreateObjectMapping: 0.050200 ms MarkObjects: 2.309100 ms  DeleteObjects: 0.014500 ms)

AssetImportParameters requested are different than current active one (requested -> active):
  custom:framework-win-MediaFoundation: 216162199b28c13a410421893ffa2e32 -> 
  custom:video-decoder-ogg-theora: a1e56fd34408186e4bbccfd4996cb3dc -> 
  custom:container-muxer-webm: aa71ff27fc2769a1b78a27578f13a17b -> 
  custom:container-demuxer-webm: 4f35f7cbe854078d1ac9338744f61a02 -> 
  custom:container-demuxer-ogg: 62fdf1f143b41e24485cea50d1cbac27 -> 
  custom:video-encoder-webm-vp8: eb34c28f22e8b96e1ab97ce403110664 -> 
  custom:video-codec-MediaFoundation-h265: e54d7ab0439102e2317fc1e4b246158d -> 
  custom:video-decoder-webm-vp8: 9c59270c3fd7afecdb556c50c9e8de78 -> 
  custom:graphics/normal-map-encoding: 01000000000000000000000000000000 -> 02000000000000000000000000000000
  custom:audio-decoder-ogg-vorbis: bf7c407c2cedff20999df2af8eb42d56 -> 
  custom:audio-encoder-webm-vorbis: bf7c407c2cedff20999df2af8eb42d56 -> 
========================================================================
Received Prepare
Registering precompiled user dll's ...
Registered in 0.002625 seconds.
Begin MonoManager ReloadAssembly
Native extension for WindowsStandalone target not found
Refreshing native plugins compatible for Editor in 0.30 ms, found 2 plugins.
Preloading 0 native plugins for Editor in 0.00 ms.
Mono: successfully reloaded assembly
- Completed reload, in  1.089 seconds
Domain Reload Profiling:
	ReloadAssembly (1090ms)
		BeginReloadAssembly (141ms)
			ExecutionOrderSort (0ms)
			DisableScriptedObjects (3ms)
			BackupInstance (0ms)
			ReleaseScriptingObjects (0ms)
			CreateAndSetChildDomain (40ms)
		EndReloadAssembly (893ms)
			LoadAssemblies (100ms)
			RebuildTransferFunctionScriptingTraits (0ms)
			SetupTypeCache (282ms)
			ReleaseScriptCaches (1ms)
			RebuildScriptCaches (36ms)
			SetupLoadedEditorAssemblies (276ms)
				LogAssemblyErrors (0ms)
				InitializePlatformSupportModulesInManaged (4ms)
				SetLoadedEditorAssemblies (0ms)
				RefreshPlugins (0ms)
				BeforeProcessingInitializeOnLoad (73ms)
				ProcessInitializeOnLoadAttributes (182ms)
				ProcessInitializeOnLoadMethodAttributes (9ms)
				AfterProcessingInitializeOnLoad (7ms)
				EditorAssembliesLoaded (0ms)
			ExecutionOrderSort2 (0ms)
			AwakeInstancesAfterBackupRestoration (5ms)
Platform modules already initialized, skipping
Switching build target platform(19) subTarget(0) extendedPlatform(0) -> platform(13) subTarget(524288) extendedPlatform(0)
Refreshing native plugins compatible for Editor in 0.30 ms, found 2 plugins.
Preloading 0 native plugins for Editor in 0.00 ms.
Unloading 1580 Unused Serialized files (Serialized files now loaded: 0)
System memory in use before: 76.1 MB.
System memory in use after: 76.2 MB.

Unloading 15 unused Assets to reduce memory usage. Loaded Objects now: 2140.
Total: 2.255300 ms (FindLiveObjects: 0.132200 ms CreateObjectMapping: 0.045100 ms MarkObjects: 2.064800 ms  DeleteObjects: 0.012500 ms)

AssetImportParameters requested are different than current active one (requested -> active):
  custom:framework-win-MediaFoundation: 216162199b28c13a410421893ffa2e32 -> 
  custom:video-decoder-ogg-theora: a1e56fd34408186e4bbccfd4996cb3dc -> 
  custom:container-muxer-webm: aa71ff27fc2769a1b78a27578f13a17b -> 
  custom:container-demuxer-webm: 4f35f7cbe854078d1ac9338744f61a02 -> 
  custom:container-demuxer-ogg: 62fdf1f143b41e24485cea50d1cbac27 -> 
  custom:video-encoder-webm-vp8: eb34c28f22e8b96e1ab97ce403110664 -> 
  custom:video-codec-MediaFoundation-h265: e54d7ab0439102e2317fc1e4b246158d -> 
  custom:video-decoder-webm-vp8: 9c59270c3fd7afecdb556c50c9e8de78 -> 
  custom:graphics/normal-map-encoding: 01000000000000000000000000000000 -> 02000000000000000000000000000000
  custom:audio-decoder-ogg-vorbis: bf7c407c2cedff20999df2af8eb42d56 -> 
  custom:audio-encoder-webm-vorbis: bf7c407c2cedff20999df2af8eb42d56 -> 
========================================================================
Received Import Request.
  Time since last request: 632.343346 seconds.
  path: Assets/Models/redBloodCellsHighPoly.fbx
  artifactKey: Guid(5cd4697ec3dcecf40b421707181af384) Importer(815301076,1909f56bfc062723c751e8b465ee728b)
Start importing Assets/Models/redBloodCellsHighPoly.fbx using Guid(5cd4697ec3dcecf40b421707181af384) Importer(815301076,1909f56bfc062723c751e8b465ee728b)  -> (artifact id: 'daeb60b508da892226426c9c99c5cb42') in 0.101354 seconds 
  Import took 0.115887 seconds .

========================================================================
Received Import Request.
  Time since last request: 25.064925 seconds.
  path: Assets/Models/redBloodCellsHighPoly.fbx
  artifactKey: Guid(5cd4697ec3dcecf40b421707181af384) Importer(815301076,1909f56bfc062723c751e8b465ee728b)
Start importing Assets/Models/redBloodCellsHighPoly.fbx using Guid(5cd4697ec3dcecf40b421707181af384) Importer(815301076,1909f56bfc062723c751e8b465ee728b)  -> (artifact id: '4025ab82b3e187d367131f9258042e3e') in 0.020355 seconds 
  Import took 0.023202 seconds .

